INFO-FLOW: Workspace H:/EGRE429/lab2/solution1 opened at Tue Feb 25 13:48:41 -0500 2025
Execute     ap_set_clock -name default -period 10 -default=false 
INFO: [SYN 201-201] Setting up clock 'default' with a period of 10ns.
Execute     set_part xc7z010clg400-1 
Execute       create_platform xc7z010clg400-1 -board  
DBG:HLSDevice: Trying to load device library: C:/Xilinx/Vitis_HLS/2023.2\lib\win64.o\xv_hlsvwrap.dll
DBG:HLSDevice: first parts/arch.xml in RDI_DATADIR: C:/Xilinx/Vivado/2023.2/data/parts/arch.xml
DBG:HLSDevice: init success
INFO: [HLS 200-1611] Setting target device to 'xc7z010-clg400-1'
Command       create_platform done; 1.97 sec.
Execute       source C:/Xilinx/Vitis_HLS/2023.2/common/technology/xilinx/common/xilinx.gen 
Execute         source C:/Xilinx/Vitis_HLS/2023.2/common/technology/xilinx/interface/plb46.gen 
Execute         source C:/Xilinx/Vitis_HLS/2023.2/common/technology/xilinx/interface/axi4.gen 
Execute         source C:/Xilinx/Vitis_HLS/2023.2/common/technology/xilinx/interface/nativeAXI4.gen 
Execute           source C:/Xilinx/Vitis_HLS/2023.2/common/technology/xilinx/interface/saxilite.gen 
Execute         source C:/Xilinx/Vitis_HLS/2023.2/common/technology/xilinx/scripts/xilinxcoregen.gen 
Execute         source C:/Xilinx/Vitis_HLS/2023.2/common/technology/xilinx/interface/XilEDKCoreGen.gen 
Execute         source C:/Xilinx/Vitis_HLS/2023.2/common/technology/xilinx/ip/dds_compiler.gen 
Execute         source C:/Xilinx/Vitis_HLS/2023.2/common/technology/xilinx/ip/util.gen 
Execute         source C:/Xilinx/Vitis_HLS/2023.2/common/technology/xilinx/ip/xfft.gen 
Execute         source C:/Xilinx/Vitis_HLS/2023.2/common/technology/xilinx/ip/xfir.gen 
Execute         source C:/Xilinx/Vitis_HLS/2023.2/common/technology/xilinx/DSP48/dsp48.gen 
Command       ap_source done; 0.22 sec.
Execute       ap_part_info -name xc7z010-clg400-1 -data info 
Execute       config_compile -quiet -complex-mul-dsp=0 
Command     set_part done; 2.328 sec.
Execute     send_msg_by_id INFO @200-1505@%s%s  vivado 
INFO: [HLS 200-1505] Using flow_target 'vivado'
Command   open_solution done; 2.828 sec.
Execute   set_part xc7z010clg400-1 
INFO: [HLS 200-1510] Running: set_part xc7z010clg400-1 
Execute     create_platform xc7z010clg400-1 -board  
Command     create_platform done; 0.103 sec.
Execute     source C:/Xilinx/Vitis_HLS/2023.2/common/technology/xilinx/common/xilinx.gen 
Execute       source C:/Xilinx/Vitis_HLS/2023.2/common/technology/xilinx/interface/plb46.gen 
Execute       source C:/Xilinx/Vitis_HLS/2023.2/common/technology/xilinx/interface/axi4.gen 
Execute       source C:/Xilinx/Vitis_HLS/2023.2/common/technology/xilinx/interface/nativeAXI4.gen 
Execute         source C:/Xilinx/Vitis_HLS/2023.2/common/technology/xilinx/interface/saxilite.gen 
Execute       source C:/Xilinx/Vitis_HLS/2023.2/common/technology/xilinx/scripts/xilinxcoregen.gen 
Execute       source C:/Xilinx/Vitis_HLS/2023.2/common/technology/xilinx/interface/XilEDKCoreGen.gen 
Execute       source C:/Xilinx/Vitis_HLS/2023.2/common/technology/xilinx/ip/dds_compiler.gen 
Execute       source C:/Xilinx/Vitis_HLS/2023.2/common/technology/xilinx/ip/util.gen 
Execute       source C:/Xilinx/Vitis_HLS/2023.2/common/technology/xilinx/ip/xfft.gen 
Execute       source C:/Xilinx/Vitis_HLS/2023.2/common/technology/xilinx/ip/xfir.gen 
Execute       source C:/Xilinx/Vitis_HLS/2023.2/common/technology/xilinx/DSP48/dsp48.gen 
Command     ap_source done; 0.104 sec.
Execute     ap_part_info -name xc7z010-clg400-1 -data info 
Execute     config_compile -quiet -complex-mul-dsp=0 
Command   set_part done; 0.342 sec.
Execute   create_clock -period 10 -name default 
INFO: [HLS 200-1510] Running: create_clock -period 10 -name default 
Execute     ap_set_clock -name default -period 10 -default=false 
INFO: [SYN 201-201] Setting up clock 'default' with a period of 10ns.
Execute   csynth_design 
INFO: [HLS 200-1510] Running: csynth_design 
INFO-FLOW: Running SLX 'csynth' proc: ::SLX::run_csynth
Execute     elaborate -effort=medium -skip_syncheck=0 -keep_printf=0 -skip_cdt=0 -skip_transform=0 -ng=0 -g=0 -opt_fp=0 -from_csynth_design=1 
WARNING: [HLS 200-40] Skipped source file 'fir_coef.dat'. Source files must have extensions .c, .C, .cc, .cpp, .c++, .cp, or .cxx.
INFO: [HLS 200-111] Finished File checks and directory preparation: CPU user time: 0 seconds. CPU system time: 0 seconds. Elapsed time: 0.495 seconds; current allocated memory: 197.867 MB.
Execute       set_directive_top fir -name=fir 
Execute       source C:/Xilinx/Vitis_HLS/2023.2/tps/tcl/tcllib1.11.1/yaml/huddle.tcl 
Execute       source C:/Xilinx/Vitis_HLS/2023.2/tps/tcl/tcllib1.11.1/yaml/json2huddle.tcl 
Execute         source C:/Xilinx/Vitis_HLS/2023.2/tps/tcl/tcllib1.11.1/try/try.tcl 
INFO: [HLS 200-10] Analyzing design file 'C:/Users/chopram/Downloads/2023_egre429lab2/2023_egre429lab2/hls/fir.cpp' ... 
INFO-FLOW: Compiling one TU...
INFO-FLOW: Handling C:/Users/chopram/Downloads/2023_egre429lab2/2023_egre429lab2/hls/fir.cpp as C++
Execute       ap_part_info -name xc7z010-clg400-1 -data info 
INFO-FLOW: Running: GCC PP 39
INFO-FLOW: Source preprocessing
INFO-FLOW: run_clang exec: C:/Xilinx/Vitis_HLS/2023.2/win64/tools/clang-3.9-csynth/bin/clang C:/Users/chopram/Downloads/2023_egre429lab2/2023_egre429lab2/hls/fir.cpp -foptimization-record-file=H:/EGRE429/lab2/solution1/.autopilot/db/fir.cpp.clang.diag.yml -mllvm -pass-remarks-missed=reflow|pasta|unroll -mllvm -pass-remarks=reflow|pasta|unroll|inline -fno-limit-debug-info --sysroot C:/Xilinx/Vitis_HLS/2023.2/tps/mingw/8.3.0/win64.o/nt -fhls -fno-exceptions -insert-hls-directive=H:/EGRE429/lab2/solution1/.autopilot/db/all.directive.json -E -fno-math-errno -c -emit-llvm -mllvm -disable-llvm-optzns -Werror=implicit-function-declaration -Werror=implicit-hls-streams -Werror=return-type -Wpragmas -Wunused-parameter -Wdump-hls-pragmas -Wno-error=dump-hls-pragmas -hls-clock-period=10 -fno-threadsafe-statics -fno-use-cxa-atexit -std=gnu++14 -target fpga64-xilinx-mingw32 -fno-threadsafe-statics -fno-use-cxa-atexit -D__VITIS_HLS__ -DAESL_SYN -D__SYNTHESIS__ -D__HLS_SYN__ -I C:/Xilinx/Vitis_HLS/2023.2/common/technology/autopilot -I C:/Xilinx/Vitis_HLS/2023.2/common/technology/autopilot/ap_sysc -include etc/autopilot_ssdm_op.h -D__DSP48E1__ -I /usr/include/x86_64-linux-gnu -o H:/EGRE429/lab2/solution1/.autopilot/db/fir.pp.0.cpp {-hls-platform-db-name=C:/Xilinx/Vitis_HLS/2023.2\common/technology\xilinx/common/platform.db} -hls-platform-name=zynq_slow -device-resource-info=BRAM_120.000000_DSP_80.000000_FF_35200.000000_LUT_17600.000000_SLICE_4400.000000_URAM_0.000000 -device-name-info=xc7z010clg400-1 > H:/EGRE429/lab2/solution1/.autopilot/db/fir.cpp.clang.out.log 2> H:/EGRE429/lab2/solution1/.autopilot/db/fir.cpp.clang.err.log
INFO-FLOW: Done: GCC PP 39 time: 4.9 seconds per iteration
INFO-FLOW: Source syntax check for synthesis
INFO-FLOW: run_clang exec: C:/Xilinx/Vitis_HLS/2023.2/win64/tools/clang-3.9-csynth/bin/clang -foptimization-record-file=H:/EGRE429/lab2/solution1/.autopilot/db/clang.diag.yml -mllvm -pass-remarks-missed=reflow|pasta|unroll -mllvm -pass-remarks=reflow|pasta|unroll|inline -fsyntax-only -fhls -target fpga64-xilinx-linux-gnu H:/EGRE429/lab2/solution1/.autopilot/db/fir.pp.0.cpp {-hls-platform-db-name=C:/Xilinx/Vitis_HLS/2023.2\common/technology\xilinx/common/platform.db} -hls-platform-name=zynq_slow -device-resource-info=BRAM_120.000000_DSP_80.000000_FF_35200.000000_LUT_17600.000000_SLICE_4400.000000_URAM_0.000000 -device-name-info=xc7z010clg400-1 > H:/EGRE429/lab2/solution1/.autopilot/db/clang.out.log 2> H:/EGRE429/lab2/solution1/.autopilot/db/clang.err.log
Execute       clang_tidy xilinx-systemc-detector -desc systemc-detector H:/EGRE429/lab2/solution1/.autopilot/db/fir.pp.0.cpp std=gnu++14 -target fpga  -directive=H:/EGRE429/lab2/solution1/.autopilot/db/.systemc_flag 
INFO-FLOW: exec C:/Xilinx/Vitis_HLS/2023.2/win64/tools/clang-3.9-csynth/bin/clang-tidy -header-filter=.* --checks=-*,xilinx-systemc-detector -import-directive=H:/EGRE429/lab2/solution1/.autopilot/db/.systemc_flag -fix-errors H:/EGRE429/lab2/solution1/.autopilot/db/fir.pp.0.cpp -- -std=gnu++14 -target fpga -fhls -ferror-limit=0
Command       clang_tidy done; 1.916 sec.
INFO-FLOW: Running: clang-tidy CDT preprocess 39
Execute       clang_tidy xilinx-directive2pragma -desc directive2pragma H:/EGRE429/lab2/solution1/.autopilot/db/fir.pp.0.cpp std=gnu++14 -target fpga  -directive=H:/EGRE429/lab2/solution1/.autopilot/db/all.directive.json 
INFO-FLOW: exec C:/Xilinx/Vitis_HLS/2023.2/win64/tools/clang-3.9-csynth/bin/clang-tidy -header-filter=.* --checks=-*,xilinx-directive2pragma -import-directive=H:/EGRE429/lab2/solution1/.autopilot/db/all.directive.json -fix-errors H:/EGRE429/lab2/solution1/.autopilot/db/fir.pp.0.cpp -- -std=gnu++14 -target fpga -fhls -ferror-limit=0
Command       clang_tidy done; 1.922 sec.
INFO-FLOW: Done: clang-tidy CDT preprocess 39 time: 1.9 seconds per iteration
INFO-FLOW: Calling xilinx-label-all-loops ... 
INFO-FLOW: Calling xilinx-aggregate-on-hls-vector ... 
Execute       clang_tidy -errorcheck -desc loop-label xilinx-label-all-loops,xilinx-aggregate-on-hls-vector,,xilinx-warn-mayneed-no-ctor-attribute H:/EGRE429/lab2/solution1/.autopilot/db/fir.pp.0.cpp std=gnu++14 -target fpga  
INFO-FLOW: run_clang exec: C:/Xilinx/Vitis_HLS/2023.2/win64/tools/clang-3.9-csynth/bin/clang-tidy -export-fixes=H:/EGRE429/lab2/solution1/.autopilot/db/fir.pp.0.cpp.clang-tidy.loop-label.diag.yml -header-filter=.* --checks=-*,xilinx-label-all-loops,xilinx-aggregate-on-hls-vector,,xilinx-warn-mayneed-no-ctor-attribute -fix-errors H:/EGRE429/lab2/solution1/.autopilot/db/fir.pp.0.cpp -- -std=gnu++14 -target fpga -fhls -ferror-limit=0 > H:/EGRE429/lab2/solution1/.autopilot/db/fir.pp.0.cpp.clang-tidy.loop-label.out.log 2> H:/EGRE429/lab2/solution1/.autopilot/db/fir.pp.0.cpp.clang-tidy.loop-label.err.log
Execute         source C:/Xilinx/Vitis_HLS/2023.2/tps/tcl/tcllib1.11.1/yaml/yaml.tcl 
Command       clang_tidy done; 1.376 sec.
INFO-FLOW: run_clang exec: C:/Xilinx/Vitis_HLS/2023.2/win64/tools/clang-3.9-csynth/bin/xilinx-dataflow-lawyer -export-fixes=H:/EGRE429/lab2/solution1/.autopilot/db/fir.pp.0.cpp.xilinx-dataflow-lawyer.diag.yml H:/EGRE429/lab2/solution1/.autopilot/db/fir.pp.0.cpp -- -std=gnu++14 -target fpga -fhls -ferror-limit=0 -fstrict-dataflow > H:/EGRE429/lab2/solution1/.autopilot/db/fir.pp.0.cpp.xilinx-dataflow-lawyer.out.log 2> H:/EGRE429/lab2/solution1/.autopilot/db/fir.pp.0.cpp.xilinx-dataflow-lawyer.err.log
Execute       ap_part_info -name xc7z010-clg400-1 -data info 
INFO-FLOW: compiling source code to llvm bc
INFO-FLOW: run_clang exec: C:/Xilinx/Vitis_HLS/2023.2/win64/tools/clang-3.9-csynth/bin/clang -foptimization-record-file=H:/EGRE429/lab2/solution1/.autopilot/db/fir.pp.0.cpp.clang.diag.yml -mllvm -pass-remarks-missed=reflow|pasta|unroll -mllvm -pass-remarks=reflow|pasta|unroll|inline -fno-limit-debug-info -fhls -flto -fno-exceptions -Wno-error=c++11-narrowing -hls-emit-hint-scope H:/EGRE429/lab2/solution1/.autopilot/db/fir.pp.0.cpp -fno-math-errno -c -emit-llvm -mllvm -disable-llvm-optzns -Werror=implicit-function-declaration -Werror=implicit-hls-streams -Werror=return-type -Wpragmas -Wunused-parameter -Wdump-hls-pragmas -Wno-error=dump-hls-pragmas -hls-clock-period=10 -fno-threadsafe-statics -fno-use-cxa-atexit -std=gnu++14 -target fpga64-xilinx-linux-gnu -D__VITIS_HLS__ -DAESL_SYN -D__SYNTHESIS__ -D__HLS_SYN__ -I C:/Xilinx/Vitis_HLS/2023.2/common/technology/autopilot -I C:/Xilinx/Vitis_HLS/2023.2/common/technology/autopilot/ap_sysc -include etc/autopilot_ssdm_op.h -D__DSP48E1__ -g -o H:/EGRE429/lab2/solution1/.autopilot/db/fir.bc {-hls-platform-db-name=C:/Xilinx/Vitis_HLS/2023.2\common/technology\xilinx/common/platform.db} -hls-platform-name=zynq_slow -device-resource-info=BRAM_120.000000_DSP_80.000000_FF_35200.000000_LUT_17600.000000_SLICE_4400.000000_URAM_0.000000 -device-name-info=xc7z010clg400-1 > H:/EGRE429/lab2/solution1/.autopilot/db/fir.pp.0.cpp.clang.out.log 2> H:/EGRE429/lab2/solution1/.autopilot/db/fir.pp.0.cpp.clang.err.log
INFO: [HLS 200-111] Finished Source Code Analysis and Preprocessing: CPU user time: 0 seconds. CPU system time: 1 seconds. Elapsed time: 13.859 seconds; current allocated memory: 245.191 MB.
INFO-FLOW: Linking Debug ...
INFO-FLOW: Linking dut bc code.
Execute       run_link_or_opt -out H:/EGRE429/lab2/solution1/.autopilot/db/a.g.ld.0.bc -args  "H:/EGRE429/lab2/solution1/.autopilot/db/fir.g.bc"  
INFO-FLOW: run_clang exec: C:/Xilinx/Vitis_HLS/2023.2/win64/tools/clang-3.9-csynth/bin/llvm-link H:/EGRE429/lab2/solution1/.autopilot/db/fir.g.bc -o H:/EGRE429/lab2/solution1/.autopilot/db/a.g.ld.0.bc > H:/EGRE429/lab2/solution1/.autopilot/db/a.g.ld.0.bc.llvm-link.out.log 2> H:/EGRE429/lab2/solution1/.autopilot/db/a.g.ld.0.bc.llvm-link.err.log
INFO-FLOW: 
Command       run_link_or_opt done; 0.481 sec.
Execute       run_link_or_opt -opt -out H:/EGRE429/lab2/solution1/.autopilot/db/a.g.ld.1.lower.bc -args H:/EGRE429/lab2/solution1/.autopilot/db/a.g.ld.0.bc -reflow-lower-math-intrinsics 
INFO-FLOW: run_clang exec: C:/Xilinx/Vitis_HLS/2023.2/win64/tools/clang-3.9-csynth/bin/opt -pass-remarks-missed=reflow|pasta|unroll -pass-remarks=reflow|pasta|unroll|inline -pass-remarks-output=H:/EGRE429/lab2/solution1/.autopilot/db/a.g.ld.1.lower.bc.opt.diag.yml H:/EGRE429/lab2/solution1/.autopilot/db/a.g.ld.0.bc -reflow-lower-math-intrinsics -o H:/EGRE429/lab2/solution1/.autopilot/db/a.g.ld.1.lower.bc > H:/EGRE429/lab2/solution1/.autopilot/db/a.g.ld.1.lower.bc.opt.out.log 2> H:/EGRE429/lab2/solution1/.autopilot/db/a.g.ld.1.lower.bc.opt.err.log
INFO-FLOW: 
INFO-FLOW: Running: gen_design_size_report post-opt
INFO-FLOW: Done: gen_design_size_report post-opt time: 0 seconds per iteration
Command       run_link_or_opt done; 1.667 sec.
INFO-FLOW: Linking math bc lib
Execute       run_link_or_opt -out H:/EGRE429/lab2/solution1/.autopilot/db/a.g.ld.2.m1.bc -args H:/EGRE429/lab2/solution1/.autopilot/db/a.g.ld.1.lower.bc -only-needed C:/Xilinx/Vitis_HLS/2023.2/win64/lib/libhlsm_39.bc C:/Xilinx/Vitis_HLS/2023.2/win64/lib/libhlsmc++_39.bc 
INFO-FLOW: run_clang exec: C:/Xilinx/Vitis_HLS/2023.2/win64/tools/clang-3.9-csynth/bin/llvm-link H:/EGRE429/lab2/solution1/.autopilot/db/a.g.ld.1.lower.bc -only-needed C:/Xilinx/Vitis_HLS/2023.2/win64/lib/libhlsm_39.bc C:/Xilinx/Vitis_HLS/2023.2/win64/lib/libhlsmc++_39.bc -o H:/EGRE429/lab2/solution1/.autopilot/db/a.g.ld.2.m1.bc > H:/EGRE429/lab2/solution1/.autopilot/db/a.g.ld.2.m1.bc.llvm-link.out.log 2> H:/EGRE429/lab2/solution1/.autopilot/db/a.g.ld.2.m1.bc.llvm-link.err.log
INFO-FLOW: 
Command       run_link_or_opt done; 1.973 sec.
Execute       run_link_or_opt -opt -out H:/EGRE429/lab2/solution1/.autopilot/db/a.g.ld.3.fpc.bc -args H:/EGRE429/lab2/solution1/.autopilot/db/a.g.ld.2.m1.bc -reflow-globaldce -hls-top-function-name=fir -reflow-float-conversion 
INFO-FLOW: run_clang exec: C:/Xilinx/Vitis_HLS/2023.2/win64/tools/clang-3.9-csynth/bin/opt -pass-remarks-missed=reflow|pasta|unroll -pass-remarks=reflow|pasta|unroll|inline -pass-remarks-output=H:/EGRE429/lab2/solution1/.autopilot/db/a.g.ld.3.fpc.bc.opt.diag.yml H:/EGRE429/lab2/solution1/.autopilot/db/a.g.ld.2.m1.bc -reflow-globaldce -hls-top-function-name=fir -reflow-float-conversion -o H:/EGRE429/lab2/solution1/.autopilot/db/a.g.ld.3.fpc.bc > H:/EGRE429/lab2/solution1/.autopilot/db/a.g.ld.3.fpc.bc.opt.out.log 2> H:/EGRE429/lab2/solution1/.autopilot/db/a.g.ld.3.fpc.bc.opt.err.log
INFO-FLOW: 
INFO-FLOW: Running: gen_design_size_report post-opt
INFO-FLOW: Done: gen_design_size_report post-opt time: 0 seconds per iteration
Command       run_link_or_opt done; 2.244 sec.
Execute       run_link_or_opt -out H:/EGRE429/lab2/solution1/.autopilot/db/a.g.ld.4.m2.bc -args H:/EGRE429/lab2/solution1/.autopilot/db/a.g.ld.3.fpc.bc -only-needed C:/Xilinx/Vitis_HLS/2023.2/win64/lib/libfloatconversion_39.bc 
INFO-FLOW: run_clang exec: C:/Xilinx/Vitis_HLS/2023.2/win64/tools/clang-3.9-csynth/bin/llvm-link H:/EGRE429/lab2/solution1/.autopilot/db/a.g.ld.3.fpc.bc -only-needed C:/Xilinx/Vitis_HLS/2023.2/win64/lib/libfloatconversion_39.bc -o H:/EGRE429/lab2/solution1/.autopilot/db/a.g.ld.4.m2.bc > H:/EGRE429/lab2/solution1/.autopilot/db/a.g.ld.4.m2.bc.llvm-link.out.log 2> H:/EGRE429/lab2/solution1/.autopilot/db/a.g.ld.4.m2.bc.llvm-link.err.log
INFO-FLOW: 
Command       run_link_or_opt done; 0.122 sec.
Execute       run_link_or_opt -opt -out H:/EGRE429/lab2/solution1/.autopilot/db/a.g.ld.5.gdce.bc -args H:/EGRE429/lab2/solution1/.autopilot/db/a.g.ld.4.m2.bc -reflow-globaldce -hls-top-function-name=fir 
INFO-FLOW: run_clang exec: C:/Xilinx/Vitis_HLS/2023.2/win64/tools/clang-3.9-csynth/bin/opt -pass-remarks-missed=reflow|pasta|unroll -pass-remarks=reflow|pasta|unroll|inline -pass-remarks-output=H:/EGRE429/lab2/solution1/.autopilot/db/a.g.ld.5.gdce.bc.opt.diag.yml H:/EGRE429/lab2/solution1/.autopilot/db/a.g.ld.4.m2.bc -reflow-globaldce -hls-top-function-name=fir -o H:/EGRE429/lab2/solution1/.autopilot/db/a.g.ld.5.gdce.bc > H:/EGRE429/lab2/solution1/.autopilot/db/a.g.ld.5.gdce.bc.opt.out.log 2> H:/EGRE429/lab2/solution1/.autopilot/db/a.g.ld.5.gdce.bc.opt.err.log
INFO-FLOW: 
INFO-FLOW: Running: gen_design_size_report post-opt
INFO-FLOW: Done: gen_design_size_report post-opt time: 0 seconds per iteration
Command       run_link_or_opt done; 0.177 sec.
Execute       send_msg_by_id INFO @200-777@%s Vivado 
INFO: [HLS 200-777] Using interface defaults for 'Vivado' flow target.
Execute       is_m_axi_addr64 
INFO-FLOW: Doing LTO.
INFO-FLOW: run_clang (background poll_ms 5000) exec: C:/Xilinx/Vitis_HLS/2023.2/win64/tools/clang-3.9-csynth/bin/clang -foptimization-record-file=H:/EGRE429/lab2/solution1/.autopilot/db/a.g.ld.0.bc.clang.reflow.diag.yml -mllvm -pass-remarks-missed=reflow|pasta|unroll -mllvm -pass-remarks=reflow|pasta|unroll|inline -fhls -mllvm -hls-top-function-name=fir -mllvm -hls-db-dir -mllvm H:/EGRE429/lab2/solution1/.autopilot/db -emit-llvm -c -target fpga64-xilinx-none -mllvm -xcl-xmlinfo=H:/EGRE429/lab2/solution1/.autopilot/db/kernel.internal.xml -mllvm -top-io-mapping-info=H:/EGRE429/lab2/solution1/.autopilot/db/top-io-fe.xml -mllvm -hls-bitcode-version=3.1 -mllvm -reflow-enable-slave-interface-default-setting=true -mllvm -gen-kernel-xml=false -mllvm -default-maxi-offset=slave -mllvm -maxi-latency=0 -mllvm -hls-maxi-data-size-in-bits=8 -mllvm -hls-maxi-max-data-size-in-bits=1024 -mllvm -hls-max-widen-size-in-bits=0 -mllvm -xcl-kernel-max-mem-ports=0 -mllvm -maxi-read-trans=16 -mllvm -maxi-write-trans=16 -mllvm -maxi-read-burst-len=16 -mllvm -maxi-write-burst-len=16 -mllvm -reflow-enable-saxi-64bits=0 -mllvm -reflow-basic-block-instr-threshold=200000 -mllvm -reflow-auto-pipeline-threshold=64 -mllvm -reflow-enable-maxi-auto-id-channel=0 -mllvm -enable-fp-thr=0 -mllvm -reflow-bdd-simplify-threshold=1048576 -mllvm -reflow-fanout-threshold=16 -mllvm -assume-maxi-align=1 -mllvm -reflow-pipeline-style-llvm-setting=2 -mllvm -reflow-enable-dataflow-strict-mode-checking=1 -ftime-report -mllvm -time-passes -mllvm -reflow-auto-array-partition-mode=default -mllvm -reflow-enable-auto-array-partition=true -mllvm -reflow-enable-auto-parallel-performance-driven=true -mllvm -reflow-enable-partition-for-automation=true -mllvm -reflow-aggregate-bitwidth-threshold=4096 -mllvm -reflow-reserved-saxilite-registers=0 -mllvm -enable-reflow-auto-loop-pipeline -mllvm -reflow-max-unroll-threshold=409600 -mllvm -reflow-assume-no-address-wrap=true -mllvm -reflow-enable-occurrence-inference=true -mllvm -reflow-emit-hint-scope=true -mllvm -hls -mllvm -disable-inlined-alloca-merging=true -mllvm -default-clock-period=10 -x ir H:/EGRE429/lab2/solution1/.autopilot/db/a.g.ld.5.gdce.bc -o H:/EGRE429/lab2/solution1/.autopilot/db/a.g.lto.bc {-hls-platform-db-name=C:/Xilinx/Vitis_HLS/2023.2\common/technology\xilinx/common/platform.db} -hls-platform-name=zynq_slow -device-resource-info=BRAM_120.000000_DSP_80.000000_FF_35200.000000_LUT_17600.000000_SLICE_4400.000000_URAM_0.000000 -device-name-info=xc7z010clg400-1 2> H:/EGRE429/lab2/solution1/.autopilot/db/a.g.ld.0.bc.clang.reflow.err.log bg_poll_cmd: ::AP::poll_clang_39_closed_source
Execute       send_msg_by_id INFO @200-1995@%s%s%s 563 Compile/Link H:/EGRE429/lab2/solution1/syn/report/csynth_design_size.rpt 
INFO: [HLS 200-1995] There were 563 instructions in the design after the 'Compile/Link' phase of compilation. See the Design Size Report for more details: H:/EGRE429/lab2/solution1/syn/report/csynth_design_size.rpt
Execute       send_msg_by_id INFO @200-1995@%s%s%s 49 Unroll/Inline (step 1) H:/EGRE429/lab2/solution1/syn/report/csynth_design_size.rpt 
INFO: [HLS 200-1995] There were 49 instructions in the design after the 'Unroll/Inline (step 1)' phase of compilation. See the Design Size Report for more details: H:/EGRE429/lab2/solution1/syn/report/csynth_design_size.rpt
Execute       send_msg_by_id INFO @200-1995@%s%s%s 42 Unroll/Inline (step 2) H:/EGRE429/lab2/solution1/syn/report/csynth_design_size.rpt 
INFO: [HLS 200-1995] There were 42 instructions in the design after the 'Unroll/Inline (step 2)' phase of compilation. See the Design Size Report for more details: H:/EGRE429/lab2/solution1/syn/report/csynth_design_size.rpt
Execute       send_msg_by_id INFO @200-1995@%s%s%s 39 Unroll/Inline (step 3) H:/EGRE429/lab2/solution1/syn/report/csynth_design_size.rpt 
INFO: [HLS 200-1995] There were 39 instructions in the design after the 'Unroll/Inline (step 3)' phase of compilation. See the Design Size Report for more details: H:/EGRE429/lab2/solution1/syn/report/csynth_design_size.rpt
Execute       send_msg_by_id INFO @200-1995@%s%s%s 39 Unroll/Inline (step 4) H:/EGRE429/lab2/solution1/syn/report/csynth_design_size.rpt 
INFO: [HLS 200-1995] There were 39 instructions in the design after the 'Unroll/Inline (step 4)' phase of compilation. See the Design Size Report for more details: H:/EGRE429/lab2/solution1/syn/report/csynth_design_size.rpt
Execute       send_msg_by_id INFO @200-1995@%s%s%s 39 Array/Struct (step 1) H:/EGRE429/lab2/solution1/syn/report/csynth_design_size.rpt 
INFO: [HLS 200-1995] There were 39 instructions in the design after the 'Array/Struct (step 1)' phase of compilation. See the Design Size Report for more details: H:/EGRE429/lab2/solution1/syn/report/csynth_design_size.rpt
Execute       send_msg_by_id INFO @200-1995@%s%s%s 39 Array/Struct (step 2) H:/EGRE429/lab2/solution1/syn/report/csynth_design_size.rpt 
INFO: [HLS 200-1995] There were 39 instructions in the design after the 'Array/Struct (step 2)' phase of compilation. See the Design Size Report for more details: H:/EGRE429/lab2/solution1/syn/report/csynth_design_size.rpt
Execute       send_msg_by_id INFO @200-1995@%s%s%s 39 Array/Struct (step 3) H:/EGRE429/lab2/solution1/syn/report/csynth_design_size.rpt 
INFO: [HLS 200-1995] There were 39 instructions in the design after the 'Array/Struct (step 3)' phase of compilation. See the Design Size Report for more details: H:/EGRE429/lab2/solution1/syn/report/csynth_design_size.rpt
Execute       send_msg_by_id INFO @200-1995@%s%s%s 39 Array/Struct (step 4) H:/EGRE429/lab2/solution1/syn/report/csynth_design_size.rpt 
INFO: [HLS 200-1995] There were 39 instructions in the design after the 'Array/Struct (step 4)' phase of compilation. See the Design Size Report for more details: H:/EGRE429/lab2/solution1/syn/report/csynth_design_size.rpt
Execute       send_msg_by_id INFO @200-1995@%s%s%s 40 Array/Struct (step 5) H:/EGRE429/lab2/solution1/syn/report/csynth_design_size.rpt 
INFO: [HLS 200-1995] There were 40 instructions in the design after the 'Array/Struct (step 5)' phase of compilation. See the Design Size Report for more details: H:/EGRE429/lab2/solution1/syn/report/csynth_design_size.rpt
Execute       send_msg_by_id INFO @200-1995@%s%s%s 39 Performance (step 1) H:/EGRE429/lab2/solution1/syn/report/csynth_design_size.rpt 
INFO: [HLS 200-1995] There were 39 instructions in the design after the 'Performance (step 1)' phase of compilation. See the Design Size Report for more details: H:/EGRE429/lab2/solution1/syn/report/csynth_design_size.rpt
Execute       send_msg_by_id INFO @200-1995@%s%s%s 39 Performance (step 2) H:/EGRE429/lab2/solution1/syn/report/csynth_design_size.rpt 
INFO: [HLS 200-1995] There were 39 instructions in the design after the 'Performance (step 2)' phase of compilation. See the Design Size Report for more details: H:/EGRE429/lab2/solution1/syn/report/csynth_design_size.rpt
Execute       send_msg_by_id INFO @200-1995@%s%s%s 39 Performance (step 3) H:/EGRE429/lab2/solution1/syn/report/csynth_design_size.rpt 
INFO: [HLS 200-1995] There were 39 instructions in the design after the 'Performance (step 3)' phase of compilation. See the Design Size Report for more details: H:/EGRE429/lab2/solution1/syn/report/csynth_design_size.rpt
Execute       send_msg_by_id INFO @200-1995@%s%s%s 39 Performance (step 4) H:/EGRE429/lab2/solution1/syn/report/csynth_design_size.rpt 
INFO: [HLS 200-1995] There were 39 instructions in the design after the 'Performance (step 4)' phase of compilation. See the Design Size Report for more details: H:/EGRE429/lab2/solution1/syn/report/csynth_design_size.rpt
Execute       send_msg_by_id INFO @200-1995@%s%s%s 43 HW Transforms (step 1) H:/EGRE429/lab2/solution1/syn/report/csynth_design_size.rpt 
INFO: [HLS 200-1995] There were 43 instructions in the design after the 'HW Transforms (step 1)' phase of compilation. See the Design Size Report for more details: H:/EGRE429/lab2/solution1/syn/report/csynth_design_size.rpt
Execute       send_msg_by_id INFO @200-1995@%s%s%s 48 HW Transforms (step 2) H:/EGRE429/lab2/solution1/syn/report/csynth_design_size.rpt 
INFO: [HLS 200-1995] There were 48 instructions in the design after the 'HW Transforms (step 2)' phase of compilation. See the Design Size Report for more details: H:/EGRE429/lab2/solution1/syn/report/csynth_design_size.rpt
INFO-FLOW: DBG:PUTS: copy_raw_kernel_xml ap_link_39: kernel.xml not generated: H:/EGRE429/lab2/solution1/.autopilot/db/kernel.internal.xml
INFO: [HLS 200-111] Finished Compiling Optimization and Transform: CPU user time: 0 seconds. CPU system time: 0 seconds. Elapsed time: 17.927 seconds; current allocated memory: 245.191 MB.
INFO: [HLS 200-111] Finished Checking Pragmas: CPU user time: 0 seconds. CPU system time: 0 seconds. Elapsed time: 0.005 seconds; current allocated memory: 245.191 MB.
Execute       opt_and_import_c a -opt_level=2 -skip_syncheck=0 -ng=0 -keep_printf=0 
Execute         cleanup_all_models 
INFO: [HLS 200-10] Starting code transformations ...
INFO-FLOW: Running Standard Transforms...
Execute         transform -hls -share-std-xform -demangle-name -inline-byval-memcpy -always-inline -promote-dbg-pointer -interface-preproc -mem2reg -scalarrepl -mem2reg -keep-read-access -instcombine -dce -promote-dbg-pointer -bitop-raise -loop-simplify -indvarspre -indvars -loop-simplify -xunroll -constprop -instcombine -simplifycfg -indvars -simplifycfg -dce -globaldce -basicaa -simplifycfg -mem2reg -globalopt -global-constprop -deadargelim -instcombine -simplifycfg -scalarrepl -instcombine -reassociate -licm -simplifycfg -loop-simplify -indvars -instcombine -simplifycfg -mem2reg -loop-simplify -indvars -instcombine -gvn -gvn -instcombine -adce -break-crit-edges -simplifycfg -loop-delete -global-array-opt -dce -dse -adce -find-syn-modules -top fir -deadargelim -mem2reg -instcombine -dce -presyn-prepare -interface-preproc -syn-check -check-rec-only -find-region -simplifycfg -func-extr -function-inline -globaldce -mem2reg -instcombine -dce -gvn -globaldce -adce -adse -constprop -instcombine -bit-constprop -instcombine -dce -simplifycfg -bitop-raise -simplifycfg -dce -loop-delete -reassociate -globalopt -global-privatize -mem2reg -dce -global-constprop -pointer-simplify -constprop -dce -auto-shift-reg-idiom -promote-dbg-pointer -norm-name H:/EGRE429/lab2/solution1/.autopilot/db/a.g.0.bc -o H:/EGRE429/lab2/solution1/.autopilot/db/a.g.1.bc -f -phase std-opt 
INFO: [HLS 200-111] Finished Standard Transforms: CPU user time: 0 seconds. CPU system time: 0 seconds. Elapsed time: 0.33 seconds; current allocated memory: 245.191 MB.
INFO: [HLS 200-10] Checking synthesizability ...
INFO-FLOW: Checking Synthesizability 1/2..
Execute         transform -hls -syn-check -check-rec-only -scalarrepl -norm-name -dce -mem2reg -instcombine -directive-preproc -mem2reg -dse -dce -dce -pag -array-normalize -instcombine -dce -array-seg-normalize -instcombine -dce -data-pack -instcombine -dce -inst-simplify -array-flatten -instcombine -dce -array-burst -dce -deadargelim -promote-global-argument -simplifycfg -mem2reg -globaldce -dce -deadargelim -dce -instcombine -function-inline -globaldce -dce -doublePtrSimplify -doublePtrElim -dce -doublePtrSimplify -promote-dbg-pointer -dce -scalarrepl -dse -adse -instcombine -ptrLegalization -simplifycfg -dce -instcombine -pointer-simplify -ptrArgReplace -dce -instcombine -resolve-double-ptr -scalarrepl -norm-name -dce -mem2reg -instcombine -ptrLegalization -simplifycfg -deadargelim -instcombine -dce -inst-simplify -directive-preproc -mem2reg -dse -dce -globaldce H:/EGRE429/lab2/solution1/.autopilot/db/a.g.1.bc -o H:/EGRE429/lab2/solution1/.autopilot/db/a.g.2.prechk.bc -f 
INFO-FLOW: Checking Synthesizability 2/2..
Execute         transform -syn-check H:/EGRE429/lab2/solution1/.autopilot/db/a.g.2.prechk.bc -o H:/EGRE429/lab2/solution1/.autopilot/db/a.g.2.bc -f -phase syn-check 
INFO: [HLS 200-111] Finished Checking Synthesizability: CPU user time: 0 seconds. CPU system time: 0 seconds. Elapsed time: 0.088 seconds; current allocated memory: 245.191 MB.
INFO-FLOW: Compiler optimizing ...
INFO-FLOW: Share syncheck's 1.bc for syn flow: copy H:/EGRE429/lab2/solution1/.autopilot/db/a.g.1.bc to H:/EGRE429/lab2/solution1/.autopilot/db/a.o.1.bc
INFO-FLOW: Presyn 1...
Execute         transform -hls -tmp H:/EGRE429/lab2/solution1/.autopilot/db -interface-port-rename -directive-preproc -mem2reg -dse -dce -scalarrepl -norm-name -deadargelim -mem2reg -instcombine -dce -simplifycfg -dce -resource-proc -clib-intrinsic-prepare -dce -func-buffer -dce -pag -array-normalize -func-legal -instcombine -gvn -constprop -dce -simplifycfg -mem2reg -globaldce -resolve-double-ptr -dce -deadargelim -dce -instcombine -ptrArgReplace -mem2reg -dce -array-seg-normalize -deadargelim -instcombine -dce -directive-preproc -mem2reg -dse -dce -pointer-simplify -dce -port-alignment -dce -interface-preproc -data-pack -instcombine -dce -basicaa -aggr-aa -aggrmodref-aa -aggr-aa -gvn -gvn -basicaa -aggr-aa -aggrmodref-aa -aggr-aa -dse -adse -adce -loop-simplify -indvars -instcombine -gvn -loop-simplify -mem2reg -dce -find-region -instcombine -inst-simplify -interface-preproc -cfgopt -instcombine -indvars -auto-loop-unroll -loop-simplify -loop-bound -xunroll -constprop -instcombine -simplifycfg -indvars -simplifycfg -dce -globaldce -clean-region -attach-range -gvn -inst-simplify -constprop -simplifycfg -dce -pointer-simplify -dce -globalopt -constprop -dce -array-promote -scalar-auto-dep-elim -constprop -dce -ptrArgReplace -mem2reg -simplifycfg -dce -instcombine -dce -array-transform-check -array-reshape -instcombine -simplifycfg -dce -ptrArgReplace -deadargelim -mem2reg -instcombine -simplifycfg -dce -indvars -loop-simplify -loop-bound -xunroll -constprop -instcombine -simplifycfg -indvars -simplifycfg -dce -globaldce -basicaa -aggr-aa -aggrmodref-aa -aggr-aa -dse -duplicate-dataflow-processes -globaldce -instcombine -array-partition -prepare-dynamic-array-partition -instcombine -simplifycfg -dce -ptrArgReplace -global-constprop -deadargelim -mem2reg -func-legal -dce -global-constprop -deadargelim -mem2reg -simplifycfg -dce -merge-param -deadargelim -globalopt -constprop -dce -array-promote -scalar-auto-dep-elim -constprop -dce -ptrArgReplace -mem2reg -simplifycfg -dce -mem-intrinsic-preproc -dce -global-internalize -global-privatize -mem2reg -globaldce -promote-global-argument -ptrArgReplace -mem2reg -dce -globalopt -mergereturn -simplify-global-access -mem2reg -dce -pointer-simplify -dce -functionattrs -basicaa -aggr-aa -aggrmodref-aa -aggr-aa -gvn -gvn -basicaa -aggr-aa -aggrmodref-aa -aggr-aa -dse -adse -adce -dce -norm-name -basicaa -aggr-aa -aggrmodref-aa -aggr-aa -accesses-merge -function-inline -complex-op-raise -inst-simplify -globaldce -func-legal -dce -loop-bound -arraycheck -bitwidthmin2 -bitwidthmin2 -on-by-dataflow -loop-delete -instcombine -simplifycfg -globaldce -dce -gvn -deadargelim -dce -loop-simplify -clean-region -simplifycfg -propagate-stable-arguments -loop-stream -instcombine -simplifycfg -dce -globaldce -duplicate-dataflow-processes -stream-intrinsic-preproc -dce -check-ap-stream -loop-simplify -eliminate-keepreads -extract-dataflow-in-loop -loop-simplify -dce -gvn -deadargelim -dse -duplicate-dataflow-processes -check-dataflow-syntax -legalize-stream-variable -globaldce -legalize-global -extract-subproc -dce -dead-channel-elimination -canonicalize-gep -globaldce -dce -gvn -hls-dead-arg-elim -deadargelim -directive-preproc -canonicalize-dataflow -dce -globaldce -scalar-preprocessing -scalar-propagation2 -scalar-stream -deadargelim -globaldce -mem2reg -check-dataflow-channels -function-stream -dce -globaldce -prop-fifo-spec -internal-stream-gen -canonicalize-gep -globaldce -dce -gvn -deadargelim -mergereturn -indvars -loop-simplify -instcombine -array-stream -array-seg-normalize -array-partition -clean-array-spec -func-legal -instcombine -simplifycfg -dce -bundle-memfifo-ops -deadargelim -directive-preproc -mem2reg -dse -dce -group-axi-access -licm -simplifycfg -dce -loop-delete -hls-display -norm-name H:/EGRE429/lab2/solution1/.autopilot/db/a.o.1.bc -o H:/EGRE429/lab2/solution1/.autopilot/db/a.o.1.tmp.bc -f 
INFO-FLOW: Presyn 2...
Execute         transform -hls -keep-callgraph -scalarrepl -mem2reg -port-alignment -attach-range -dce -pipe-mux-gen -indvars -loop-bound -inst-simplify -instcombine -dce -merge-array-access -mem2reg -dce -clean-region -mergereturn -if-conv -instcombine -dce -constprop -basicaa -aggr-aa -aggrmodref-aa -aggr-aa -gvn -gvn -basicaa -aggr-aa -aggrmodref-aa -aggr-aa -dse -adse -adce -scalarrepl -mem2reg -global-constprop -deadargelim -deadargelim -instcombine -dce -simplifycfg -ptrArgReplace -mem2reg -function-inline -globaldce -mem2reg -instcombine -dce -expr-balance -instcombine -dce -bitwidthmin2 -bitwidthmin2 -interface-preproc -directive-preproc -inst-rectify -instcombine -dce -functionattrs -constprop -instcombine -bit-constprop -simplify-global-access -globalopt -globaldce -inst-simplify -instcombine -elimdeaddata -dce -loop-delete -simplifycfg -loop-simplify -barrier -norm-name H:/EGRE429/lab2/solution1/.autopilot/db/a.o.1.tmp.bc -o H:/EGRE429/lab2/solution1/.autopilot/db/a.o.2.bc -f -phase presyn 
INFO: [HLS 200-111] Finished Loop, function and other optimizations: CPU user time: 0 seconds. CPU system time: 0 seconds. Elapsed time: 0.201 seconds; current allocated memory: 245.191 MB.
INFO-FLOW: Building ssdm...
Execute         transform -hls -auto-function-inline -globaldce -ptrArgReplace -mem2reg -dce -reset-lda -loop-simplify -indvars -aggr-aa -licm -loop-dep -loop-bound -licm -loop-simplify -loop-sink-hoist -flattenloopnest -array-flatten -gvn -instcombine -dce -array-map -dce -func-legal -gvn -adce -instcombine -cfgopt -simplifycfg-lite -loop-simplify -array-burst -promote-global-argument -dce -array-seg-normalize -basicaa -aggrmodref-aa -globalsmodref-aa -aggr-aa -gvn -gvn -basicaa -aggrmodref-aa -globalsmodref-aa -aggr-aa -dse -adse -adce -licm -inst-simplify -dce -globaldce -instcombine -array-stream -eliminate-keepreads -instcombine -dce -deadargelim -doublePtrSimplify -doublePtrElim -dce -doublePtrSimplify -promote-dbg-pointer -dce -scalarrepl -mem2reg -norm-name -mem2reg -instcombine -dse -adse -adce -ptrLegalization -dce -array-flatten -dce -instcombine -check-doubleptr -loop-rot -constprop -cfgopt -simplifycfg-lite -loop-simplify -indvars -pointer-simplify -dce -loop-bound -loop-simplify -loop-preproc -constprop -global-constprop -gvn -mem2reg -instcombine -dce -loop-bound -loop-merge -dce -deadargelim -dce -canonicalize-dataflow -dce -deadargelim -globaldce -mem2reg -bram-byte-enable -inst-simplify -inst-rectify -instcombine -adce -deadargelim -load-elim -read-loop-dep -loop-simplify -loop-extract-inner -directive-preproc -bitwidthmin2 -bitwidthmin2 -read-loop-dep -interface-preproc -directive-preproc -interface-gen -bram-byte-enable-spec-prop -deadargelim -inst-simplify -dce -mem2reg -instcombine -gvn -dce -adse -loop-bound -instcombine -cfgopt -simplifycfg-lite -loop-simplify -clean-region -io-protocol -find-region -mem2reg -bitop-raise -complex-op-raise -inst-simplify -inst-rectify -instcombine -adce -deadargelim -float-op-raise -loop-simplify -phi-opt -bitop-raise -cfgopt -simplifycfg-lite -strip-dead-prototypes -interface-lower -bitop-lower -intrinsic-lower -auto-function-inline -basicaa -aggrmodref-aa -globalsmodref-aa -aggr-aa -inst-simplify -simplifycfg-lite -loop-simplify -mergereturn -inst-simplify -inst-rectify -globaldce -dce -load-elim -bitop-lower -float-op-raise -fma-raise -loop-rewind -pointer-simplify -dce -cfgopt -dce -loop-bound -loop-dep -read-loop-dep -dce -dyn-mem-reuse -dce -recurrence-min -dce -share-scalar-alloca -deadargelim -dce -check-stream -norm-name -legalize -validate-dataflow -inst-clarity -bitwidth -dce -dump-loop-dep-to-ir -check-all-ssdm -dump-complexity-metric -cdfg-build H:/EGRE429/lab2/solution1/.autopilot/db/a.o.2.bc -o H:/EGRE429/lab2/solution1/.autopilot/db/a.o.3.bc -f -phase build-ssdm 
Execute           auto_get_db
INFO: [HLS 200-111] Finished Architecture Synthesis: CPU user time: 0 seconds. CPU system time: 0 seconds. Elapsed time: 0.085 seconds; current allocated memory: 245.191 MB.
INFO-FLOW: Finish building internal data model.
Command       opt_and_import_c done; 0.78 sec.
Command     elaborate done; 32.678 sec.
Execute     ap_eval exec zip -j H:/EGRE429/lab2/solution1/.autopilot/db/dut.hcp $dbDir/a.o.3.bc $dbDir/${topname}.rtl_wrap.cfg.tcl $dbDir/apatb_${topname}.cpp $dbDir/apatb_${topname}_util.cpp $dbDir/apatb_${topname}_ir.ll $dbDir/mapper_${topname}.cpp $dbDir/top-io-fe.xml $dbDir/kernel.internal.xml $workdir/../hls.app 
Command     ap_eval done; 0.59 sec.
Execute     autosyn -from_csynth_design=1 
INFO: [HLS 200-10] Starting hardware synthesis ...
INFO-FLOW: Synthesizing C/C++ design ...
INFO: [HLS 200-10] Synthesizing 'fir' ...
Execute       ap_set_top_model fir 
Execute       get_model_list fir -filter all-wo-channel -topdown 
Execute       preproc_iomode -model fir 
Execute       preproc_iomode -model fir_Pipeline_loop 
Execute       get_model_list fir -filter all-wo-channel 
INFO-FLOW: Model list for configure: fir_Pipeline_loop fir
INFO-FLOW: Configuring Module : fir_Pipeline_loop ...
Execute       set_default_model fir_Pipeline_loop 
Execute       apply_spec_resource_limit fir_Pipeline_loop 
INFO-FLOW: Configuring Module : fir ...
Execute       set_default_model fir 
Execute       apply_spec_resource_limit fir 
INFO-FLOW: Model list for preprocess: fir_Pipeline_loop fir
INFO-FLOW: Preprocessing Module: fir_Pipeline_loop ...
Execute       set_default_model fir_Pipeline_loop 
Execute       cdfg_preprocess -model fir_Pipeline_loop 
Execute       rtl_gen_preprocess fir_Pipeline_loop 
INFO-FLOW: Preprocessing Module: fir ...
Execute       set_default_model fir 
Execute       cdfg_preprocess -model fir 
Execute       rtl_gen_preprocess fir 
INFO-FLOW: Model list for synthesis: fir_Pipeline_loop fir
INFO: [HLS 200-10] ----------------------------------------------------------------
INFO: [HLS 200-42] -- Implementing module 'fir_Pipeline_loop' 
INFO: [HLS 200-10] ----------------------------------------------------------------
Execute       set_default_model fir_Pipeline_loop 
Execute       schedule -model fir_Pipeline_loop 
INFO: [SCHED 204-11] Starting scheduling ...
INFO: [HLS 200-486] Changing DSP latency (root=acc_2) to 3 in order to utilize available DSP registers.
INFO: [SCHED 204-61] Pipelining loop 'loop'.
INFO: [HLS 200-1470] Pipelining result : Target II = NA, Final II = 1, Depth = 5, loop 'loop'
INFO: [SCHED 204-11] Finished scheduling.
Command       schedule done; 0.122 sec.
INFO: [HLS 200-111] Finished Scheduling: CPU user time: 0 seconds. CPU system time: 0 seconds. Elapsed time: 0.917 seconds; current allocated memory: 245.191 MB.
Execute       syn_report -verbosereport -o H:/EGRE429/lab2/solution1/.autopilot/db/fir_Pipeline_loop.verbose.sched.rpt 
Execute         list_part -family xc7z010-clg400-1 
Execute           ap_family_info -name xc7z010-clg400-1 -data names 
Execute           ap_part_info -quiet -name xc7z010-clg400-1 -data family 
Command       syn_report done; 0.13 sec.
Execute       db_write -o H:/EGRE429/lab2/solution1/.autopilot/db/fir_Pipeline_loop.sched.adb -f 
INFO-FLOW: Finish scheduling fir_Pipeline_loop.
Execute       set_default_model fir_Pipeline_loop 
Execute       bind -model fir_Pipeline_loop 
INFO: [BIND 205-100] Starting micro-architecture generation ...
INFO: [BIND 205-101] Performing variable lifetime analysis.
INFO: [BIND 205-101] Exploring resource sharing.
INFO: [BIND 205-101] Binding ...
INFO: [BIND 205-100] Finished micro-architecture generation.
INFO: [HLS 200-111] Finished Binding: CPU user time: 0 seconds. CPU system time: 0 seconds. Elapsed time: 0.292 seconds; current allocated memory: 245.191 MB.
Execute       syn_report -verbosereport -o H:/EGRE429/lab2/solution1/.autopilot/db/fir_Pipeline_loop.verbose.bind.rpt 
Execute         list_part -family xc7z010-clg400-1 
Execute           ap_family_info -name xc7z010-clg400-1 -data names 
Execute           ap_part_info -quiet -name xc7z010-clg400-1 -data family 
Command       syn_report done; 0.162 sec.
Execute       db_write -o H:/EGRE429/lab2/solution1/.autopilot/db/fir_Pipeline_loop.bind.adb -f 
INFO-FLOW: Finish binding fir_Pipeline_loop.
INFO: [HLS 200-10] ----------------------------------------------------------------
INFO: [HLS 200-42] -- Implementing module 'fir' 
INFO: [HLS 200-10] ----------------------------------------------------------------
Execute       set_default_model fir 
Execute       schedule -model fir 
INFO: [SCHED 204-11] Starting scheduling ...
INFO: [HLS 200-486] Changing DSP latency (root=acc) to 3 in order to utilize available DSP registers.
INFO: [SCHED 204-11] Finished scheduling.
INFO: [HLS 200-111] Finished Scheduling: CPU user time: 0 seconds. CPU system time: 0 seconds. Elapsed time: 0.366 seconds; current allocated memory: 245.191 MB.
Execute       syn_report -verbosereport -o H:/EGRE429/lab2/solution1/.autopilot/db/fir.verbose.sched.rpt 
Execute         list_part -family xc7z010-clg400-1 
Execute           ap_family_info -name xc7z010-clg400-1 -data names 
Execute           ap_part_info -quiet -name xc7z010-clg400-1 -data family 
Command       syn_report done; 0.109 sec.
Execute       db_write -o H:/EGRE429/lab2/solution1/.autopilot/db/fir.sched.adb -f 
INFO-FLOW: Finish scheduling fir.
Execute       set_default_model fir 
Execute       bind -model fir 
INFO: [BIND 205-100] Starting micro-architecture generation ...
INFO: [BIND 205-101] Performing variable lifetime analysis.
INFO: [BIND 205-101] Exploring resource sharing.
INFO: [BIND 205-101] Binding ...
INFO: [BIND 205-100] Finished micro-architecture generation.
INFO: [HLS 200-111] Finished Binding: CPU user time: 0 seconds. CPU system time: 0 seconds. Elapsed time: 0.255 seconds; current allocated memory: 245.191 MB.
Execute       syn_report -verbosereport -o H:/EGRE429/lab2/solution1/.autopilot/db/fir.verbose.bind.rpt 
Execute         list_part -family xc7z010-clg400-1 
Execute           ap_family_info -name xc7z010-clg400-1 -data names 
Execute           ap_part_info -quiet -name xc7z010-clg400-1 -data family 
Command       syn_report done; 0.156 sec.
Execute       db_write -o H:/EGRE429/lab2/solution1/.autopilot/db/fir.bind.adb -f 
INFO-FLOW: Finish binding fir.
Execute       get_model_list fir -filter all-wo-channel 
INFO-FLOW: Preprocessing for RTLGen ...
Execute       rtl_gen_preprocess fir_Pipeline_loop 
Execute       rtl_gen_preprocess fir 
INFO-FLOW: Model list for RTL generation: fir_Pipeline_loop fir
INFO: [HLS 200-10] ----------------------------------------------------------------
INFO: [HLS 200-10] -- Generating RTL for module 'fir_Pipeline_loop' 
INFO: [HLS 200-10] ----------------------------------------------------------------
Execute       create_rtl_model fir_Pipeline_loop -top_prefix fir_ -sub_prefix fir_ -mg_file H:/EGRE429/lab2/solution1/.autopilot/db/fir_Pipeline_loop.compgen.tcl 
INFO: [HLS 200-1030] Apply Unified Pipeline Control on module 'fir_Pipeline_loop' pipeline 'loop' pipeline type 'loop pipeline'
INFO: [RTGEN 206-100] Generating core module 'mac_muladd_12s_16s_34s_34_4_1': 1 instance(s).
INFO: [RTGEN 206-100] Finished creating RTL model for 'fir_Pipeline_loop'.
INFO: [RTMG 210-279] Implementing memory 'fir_fir_Pipeline_loop_coeff_ROM_AUTO_1R' using auto ROMs.
Command       create_rtl_model done; 0.171 sec.
INFO: [HLS 200-111] Finished Creating RTL model: CPU user time: 0 seconds. CPU system time: 0 seconds. Elapsed time: 0.679 seconds; current allocated memory: 245.191 MB.
Execute       source H:/EGRE429/lab2/solution1/.autopilot/db/fir.rtl_wrap.cfg.tcl 
Execute       gen_rtl fir_Pipeline_loop -style xilinx -f -lang vhdl -o H:/EGRE429/lab2/solution1/syn/vhdl/fir_fir_Pipeline_loop 
Execute       gen_rtl fir_Pipeline_loop -style xilinx -f -lang vlog -o H:/EGRE429/lab2/solution1/syn/verilog/fir_fir_Pipeline_loop 
Execute       syn_report -csynth -model fir_Pipeline_loop -o H:/EGRE429/lab2/solution1/syn/report/fir_Pipeline_loop_csynth.rpt 
Execute         list_part -family xc7z010-clg400-1 
Execute           ap_family_info -name xc7z010-clg400-1 -data names 
Execute           ap_part_info -quiet -name xc7z010-clg400-1 -data family 
Command       syn_report done; 0.102 sec.
Execute       syn_report -rtlxml -model fir_Pipeline_loop -o H:/EGRE429/lab2/solution1/syn/report/fir_Pipeline_loop_csynth.xml 
Execute         list_part -family xc7z010-clg400-1 
Execute           ap_family_info -name xc7z010-clg400-1 -data names 
Execute           ap_part_info -quiet -name xc7z010-clg400-1 -data family 
Execute       syn_report -verbosereport -model fir_Pipeline_loop -o H:/EGRE429/lab2/solution1/.autopilot/db/fir_Pipeline_loop.verbose.rpt 
Execute         list_part -family xc7z010-clg400-1 
Execute           ap_family_info -name xc7z010-clg400-1 -data names 
Execute           ap_part_info -quiet -name xc7z010-clg400-1 -data family 
Command       syn_report done; 0.195 sec.
Execute       db_write -model fir_Pipeline_loop -f -o H:/EGRE429/lab2/solution1/.autopilot/db/fir_Pipeline_loop.adb 
Execute       db_write -model fir_Pipeline_loop -bindview -o H:/EGRE429/lab2/solution1/.autopilot/db/design.bindinfo.xml 
Execute       gen_tb_info fir_Pipeline_loop -p H:/EGRE429/lab2/solution1/.autopilot/db -o H:/EGRE429/lab2/solution1/.autopilot/db/fir_Pipeline_loop 
INFO: [HLS 200-10] ----------------------------------------------------------------
INFO: [HLS 200-10] -- Generating RTL for module 'fir' 
INFO: [HLS 200-10] ----------------------------------------------------------------
Execute       create_rtl_model fir -top_prefix  -sub_prefix fir_ -mg_file H:/EGRE429/lab2/solution1/.autopilot/db/fir.compgen.tcl 
WARNING: [RTGEN 206-101] Design contains AXI ports. Reset is fixed to synchronous and active low.
INFO: [RTGEN 206-500] Setting interface mode on port 'fir/data_out' to 's_axilite & ap_vld'.
INFO: [RTGEN 206-500] Setting interface mode on port 'fir/data_in' to 's_axilite & ap_none'.
INFO: [RTGEN 206-500] Setting interface mode on function 'fir' to 's_axilite & ap_ctrl_hs'.
INFO: [RTGEN 206-100] Bundling port 'data_out', 'data_in' and 'return' to AXI-Lite port fir_io.
INFO: [RTGEN 206-100] Generating core module 'mac_muladd_16s_6ns_31s_31_4_1': 1 instance(s).
INFO: [RTGEN 206-100] Generating core module 'mul_16s_7ns_22_1_1': 1 instance(s).
INFO: [RTGEN 206-100] Finished creating RTL model for 'fir'.
INFO: [RTMG 210-278] Implementing memory 'fir_shift_reg_RAM_AUTO_1R1W' using auto RAMs.
Command       create_rtl_model done; 0.34 sec.
INFO: [HLS 200-111] Finished Creating RTL model: CPU user time: 0 seconds. CPU system time: 0 seconds. Elapsed time: 1.654 seconds; current allocated memory: 245.191 MB.
Execute       source H:/EGRE429/lab2/solution1/.autopilot/db/fir.rtl_wrap.cfg.tcl 
Execute       gen_rtl fir -istop -style xilinx -f -lang vhdl -o H:/EGRE429/lab2/solution1/syn/vhdl/fir 
Execute       gen_rtl fir -istop -style xilinx -f -lang vlog -o H:/EGRE429/lab2/solution1/syn/verilog/fir 
Execute       syn_report -csynth -model fir -o H:/EGRE429/lab2/solution1/syn/report/fir_csynth.rpt 
Execute         list_part -family xc7z010-clg400-1 
Execute           ap_family_info -name xc7z010-clg400-1 -data names 
Execute           ap_part_info -quiet -name xc7z010-clg400-1 -data family 
Command       syn_report done; 0.104 sec.
Execute       syn_report -rtlxml -model fir -o H:/EGRE429/lab2/solution1/syn/report/fir_csynth.xml 
Execute         list_part -family xc7z010-clg400-1 
Execute           ap_family_info -name xc7z010-clg400-1 -data names 
Execute           ap_part_info -quiet -name xc7z010-clg400-1 -data family 
Execute       syn_report -verbosereport -model fir -o H:/EGRE429/lab2/solution1/.autopilot/db/fir.verbose.rpt 
Execute         list_part -family xc7z010-clg400-1 
Execute           ap_family_info -name xc7z010-clg400-1 -data names 
Execute           ap_part_info -quiet -name xc7z010-clg400-1 -data family 
Command       syn_report done; 0.132 sec.
Execute       db_write -model fir -f -o H:/EGRE429/lab2/solution1/.autopilot/db/fir.adb 
Execute       db_write -model fir -bindview -o H:/EGRE429/lab2/solution1/.autopilot/db/design.bindinfo.xml 
Execute       gen_tb_info fir -p H:/EGRE429/lab2/solution1/.autopilot/db -o H:/EGRE429/lab2/solution1/.autopilot/db/fir 
Command       gen_tb_info done; 0.15 sec.
Execute       export_constraint_db -f -tool general -o H:/EGRE429/lab2/solution1/.autopilot/db/fir.constraint.tcl 
Execute       syn_report -designview -model fir -o H:/EGRE429/lab2/solution1/.autopilot/db/fir.design.xml 
Execute       syn_report -csynthDesign -model fir -o H:/EGRE429/lab2/solution1/syn/report/csynth.rpt -MHOut H:/EGRE429/lab2/solution1/.autopilot/db/kernel_module_hierarchy.tcl 
Execute         list_part -family xc7z010-clg400-1 
Execute           ap_family_info -name xc7z010-clg400-1 -data names 
Execute           ap_part_info -quiet -name xc7z010-clg400-1 -data family 
Execute       syn_report -wcfg -model fir -o H:/EGRE429/lab2/solution1/.autopilot/db/fir_dataflow_ana.wcfg 
Execute       syn_report -protoinst -model fir -o H:/EGRE429/lab2/solution1/.autopilot/db/fir.protoinst 
Execute       sc_get_clocks fir 
Execute       sc_get_portdomain fir 
INFO-FLOW: Model list for RTL component generation: fir_Pipeline_loop fir
INFO-FLOW: Handling components in module [fir_Pipeline_loop] ... 
Execute       source H:/EGRE429/lab2/solution1/.autopilot/db/fir_Pipeline_loop.compgen.tcl 
INFO-FLOW: Found component fir_mac_muladd_12s_16s_34s_34_4_1.
INFO-FLOW: Append model fir_mac_muladd_12s_16s_34s_34_4_1
INFO-FLOW: Found component fir_fir_Pipeline_loop_coeff_ROM_AUTO_1R.
INFO-FLOW: Append model fir_fir_Pipeline_loop_coeff_ROM_AUTO_1R
INFO-FLOW: Found component fir_flow_control_loop_pipe_sequential_init.
INFO-FLOW: Append model fir_flow_control_loop_pipe_sequential_init
INFO-FLOW: Handling components in module [fir] ... 
Execute       source H:/EGRE429/lab2/solution1/.autopilot/db/fir.compgen.tcl 
INFO-FLOW: Found component fir_mul_16s_7ns_22_1_1.
INFO-FLOW: Append model fir_mul_16s_7ns_22_1_1
INFO-FLOW: Found component fir_mac_muladd_16s_6ns_31s_31_4_1.
INFO-FLOW: Append model fir_mac_muladd_16s_6ns_31s_31_4_1
INFO-FLOW: Found component fir_shift_reg_RAM_AUTO_1R1W.
INFO-FLOW: Append model fir_shift_reg_RAM_AUTO_1R1W
INFO-FLOW: Found component fir_fir_io_s_axi.
INFO-FLOW: Append model fir_fir_io_s_axi
INFO-FLOW: Append model fir_Pipeline_loop
INFO-FLOW: Append model fir
INFO-FLOW: Generating RTL model list ...
INFO-FLOW: All models in this session: fir_mac_muladd_12s_16s_34s_34_4_1 fir_fir_Pipeline_loop_coeff_ROM_AUTO_1R fir_flow_control_loop_pipe_sequential_init fir_mul_16s_7ns_22_1_1 fir_mac_muladd_16s_6ns_31s_31_4_1 fir_shift_reg_RAM_AUTO_1R1W fir_fir_io_s_axi fir_Pipeline_loop fir
INFO-FLOW: Generating H:/EGRE429/lab2/solution1/.autopilot/db/autopilot.rtl.models.txt file...
INFO-FLOW: To file: write model fir_mac_muladd_12s_16s_34s_34_4_1
INFO-FLOW: To file: write model fir_fir_Pipeline_loop_coeff_ROM_AUTO_1R
INFO-FLOW: To file: write model fir_flow_control_loop_pipe_sequential_init
INFO-FLOW: To file: write model fir_mul_16s_7ns_22_1_1
INFO-FLOW: To file: write model fir_mac_muladd_16s_6ns_31s_31_4_1
INFO-FLOW: To file: write model fir_shift_reg_RAM_AUTO_1R1W
INFO-FLOW: To file: write model fir_fir_io_s_axi
INFO-FLOW: To file: write model fir_Pipeline_loop
INFO-FLOW: To file: write model fir
INFO-FLOW: Generating H:/EGRE429/lab2/solution1/.autopilot/db/autopilot.rtl.models.tcl file...
INFO-FLOW: Finished generating RTL model list.


INFO-FLOW: RTL Generation done.
INFO-FLOW: CAS Generation done.
INFO-FLOW: CBC Generation done.
INFO-FLOW: DBG:PROC: ::AESL_AUTOMG::auto_generate_csynth_design
INFO-FLOW: DBG:PUTS: read_platform_lib H:/EGRE429/lab2/solution1/.autopilot/db/global.setting.tcl
Execute       source C:/Xilinx/Vitis_HLS/2023.2/common/technology/generic/autopilot/common.gen 
Execute         source C:/Xilinx/Vitis_HLS/2023.2/common/technology/generic/autopilot/APCoreGen.gen 
Execute       source C:/Xilinx/Vitis_HLS/2023.2/common/technology/generic/autopilot/op.gen 
Execute       source C:/Xilinx/Vitis_HLS/2023.2/common/technology/generic/autopilot/op_simcore.gen 
Execute       source C:/Xilinx/Vitis_HLS/2023.2/common/technology/generic/autopilot/interface.gen 
Execute       source H:/EGRE429/lab2/solution1/.autopilot/db/global.setting.tcl 
Execute       source C:/Xilinx/Vitis_HLS/2023.2/common/technology/xilinx/common/xilinx.gen 
Execute         source C:/Xilinx/Vitis_HLS/2023.2/common/technology/xilinx/interface/plb46.gen 
Execute         source C:/Xilinx/Vitis_HLS/2023.2/common/technology/xilinx/interface/axi4.gen 
Execute         source C:/Xilinx/Vitis_HLS/2023.2/common/technology/xilinx/interface/nativeAXI4.gen 
Execute           source C:/Xilinx/Vitis_HLS/2023.2/common/technology/xilinx/interface/saxilite.gen 
Execute         source C:/Xilinx/Vitis_HLS/2023.2/common/technology/xilinx/scripts/xilinxcoregen.gen 
Execute         source C:/Xilinx/Vitis_HLS/2023.2/common/technology/xilinx/interface/XilEDKCoreGen.gen 
Execute         source C:/Xilinx/Vitis_HLS/2023.2/common/technology/xilinx/ip/dds_compiler.gen 
Execute         source C:/Xilinx/Vitis_HLS/2023.2/common/technology/xilinx/ip/util.gen 
Execute         source C:/Xilinx/Vitis_HLS/2023.2/common/technology/xilinx/ip/xfft.gen 
Execute         source C:/Xilinx/Vitis_HLS/2023.2/common/technology/xilinx/ip/xfir.gen 
Execute         source C:/Xilinx/Vitis_HLS/2023.2/common/technology/xilinx/DSP48/dsp48.gen 
Command       ap_source done; 0.104 sec.
INFO-FLOW: DBG:PUTS:   using AESL_AUTOCG::g_clock_period=10.000 (was NA)
INFO-FLOW: DBG:PROC: ::AESL_AUTOMG::generate_ip_cores gen_sim_model='1' gen_fp_models='0' gen_for_export='0' dstSCDir='' dstVhdlDir='H:/EGRE429/lab2/solution1/.autopilot/db/vhdl' dstVlogDir='H:/EGRE429/lab2/solution1/.autopilot/db/vlog' tclDir='H:/EGRE429/lab2/solution1/.autopilot/db' modelList='fir_mac_muladd_12s_16s_34s_34_4_1
fir_fir_Pipeline_loop_coeff_ROM_AUTO_1R
fir_flow_control_loop_pipe_sequential_init
fir_mul_16s_7ns_22_1_1
fir_mac_muladd_16s_6ns_31s_31_4_1
fir_shift_reg_RAM_AUTO_1R1W
fir_fir_io_s_axi
fir_Pipeline_loop
fir
' expOnly='0'
Execute       source H:/EGRE429/lab2/solution1/.autopilot/db/global.setting.tcl 
Execute       ap_part_info -name xc7z010-clg400-1 -data names -quiet 
Execute       ap_part_info -name xc7z010-clg400-1 -data info -quiet 
Execute       source H:/EGRE429/lab2/solution1/.autopilot/db/global.setting.tcl 
Execute       source H:/EGRE429/lab2/solution1/.autopilot/db/global.setting.tcl 
Execute       source H:/EGRE429/lab2/solution1/.autopilot/db/fir_Pipeline_loop.compgen.tcl 
Execute         ap_part_info -name xc7z010-clg400-1 -data names -quiet 
Execute         ap_part_info -name xc7z010-clg400-1 -data info -quiet 
Execute         ap_part_info -name xc7z010-clg400-1 -data info 
Command       ap_source done; 0.641 sec.
Execute       source H:/EGRE429/lab2/solution1/.autopilot/db/fir.compgen.tcl 
Execute         ap_part_info -name xc7z010-clg400-1 -data names -quiet 
Execute         ap_part_info -name xc7z010-clg400-1 -data info -quiet 
Execute         ap_part_info -name xc7z010-clg400-1 -data info 
Execute         source ./fir_io.slave.tcl 
Command       ap_source done; 1.323 sec.
INFO: [HLS 200-111] Finished Generating all RTL models: CPU user time: 0 seconds. CPU system time: 0 seconds. Elapsed time: 7.503 seconds; current allocated memory: 247.066 MB.
INFO-FLOW: DBG:PROC: ::HLSREPORTS::create_csynth_xml bind_info_var='bind_info' RtlSubPrefix='fir_' outfile=''
INFO-FLOW: Running: create_csynth_xml read xml data
INFO-FLOW: Done: create_csynth_xml read xml data time: 0.1 seconds per iteration
INFO-FLOW: Running: create_csynth_xml bind info
INFO-FLOW: Done: create_csynth_xml bind info time: 0 seconds per iteration
INFO-FLOW: Running: create_csynth_xml config info
INFO-FLOW: Done: create_csynth_xml config info time: 7.8 seconds per iteration
INFO-FLOW: Running: create_csynth_xml write xml
INFO-FLOW: Done: create_csynth_xml write xml time: 0 seconds per iteration
INFO-FLOW: DBG:PUTS:      create_csynth_xml wrote csynth_xml=H:/EGRE429/lab2/solution1/syn/report/csynth.xml
INFO-FLOW: DBG:PROC: ::AP::DESIGN_DATA::generate_json generate_bd_files='0' generate_xo_files='0' modelList='fir_mac_muladd_12s_16s_34s_34_4_1
fir_fir_Pipeline_loop_coeff_ROM_AUTO_1R
fir_flow_control_loop_pipe_sequential_init
fir_mul_16s_7ns_22_1_1
fir_mac_muladd_16s_6ns_31s_31_4_1
fir_shift_reg_RAM_AUTO_1R1W
fir_fir_io_s_axi
fir_Pipeline_loop
fir
' rtl_lang='both' bootstrap_tcl='false' outdir='' outfilename=''
Execute       source H:/EGRE429/lab2/solution1/.autopilot/db/global.setting.tcl 
Execute       source H:/EGRE429/lab2/solution1/.autopilot/db/global.setting.tcl 
Execute       source H:/EGRE429/lab2/solution1/.autopilot/db/top-io-be.tcl 
Execute       source H:/EGRE429/lab2/solution1/.autopilot/db/fir.tbgen.tcl 
Execute       source H:/EGRE429/lab2/solution1/.autopilot/db/fir.compgen.dataonly.tcl 
Execute       source H:/EGRE429/lab2/solution1/.autopilot/db/fir.compgen.dataonly.tcl 
Execute       source H:/EGRE429/lab2/solution1/.autopilot/db/fir.rtl_wrap.cfg.tcl 
Execute       source H:/EGRE429/lab2/solution1/.autopilot/db/fir.compgen.dataonly.tcl 
Execute       source H:/EGRE429/lab2/solution1/.autopilot/db/fir_Pipeline_loop.tbgen.tcl 
Execute       source H:/EGRE429/lab2/solution1/.autopilot/db/fir.tbgen.tcl 
Execute       source H:/EGRE429/lab2/solution1/.autopilot/db/global.setting.tcl 
Execute       ap_part_info -name xc7z010-clg400-1 -data names -quiet 
Execute       ap_part_info -name xc7z010-clg400-1 -data info -quiet 
Execute       source H:/EGRE429/lab2/solution1/.autopilot/db/fir.constraint.tcl 
Execute       sc_get_clocks fir 
Execute       source H:/EGRE429/lab2/solution1/.autopilot/db/global.setting.tcl 
INFO-FLOW: DBG:PROC: ::HLSREPORTS::add_csynth_report_sections bind_info_dict='adapter_nodes {{BINDTYPE adapter ID {} IMPL {} LATENCY {} OPTYPE {} PRAGMA {} RTLNAME fir_io_s_axi_U SOURCE {} VARIABLE {} LOOP {} BUNDLEDNAME fir_io DSP 0 BRAM 0 URAM 0 STORAGESUBTYPE s_axilite STORAGESIZE {} STORAGEUSAGE interface DISPNAME {bind_adapter }}} report_dict {TOPINST fir MODULE2INSTS {fir fir fir_Pipeline_loop grp_fir_Pipeline_loop_fu_78} INST2MODULE {fir fir grp_fir_Pipeline_loop_fu_78 fir_Pipeline_loop} INSTDATA {fir {DEPTH 1 CHILDREN grp_fir_Pipeline_loop_fu_78} grp_fir_Pipeline_loop_fu_78 {DEPTH 2 CHILDREN {}}} MODULEDATA {fir_Pipeline_loop {BINDINFO {{BINDTYPE op ID {} IMPL fabric LATENCY 0 OPTYPE add PRAGMA {} RTLNAME add_ln16_fu_124_p2 SOURCE C:/Users/chopram/Downloads/2023_egre429lab2/2023_egre429lab2/hls/fir.cpp:16 VARIABLE add_ln16 LOOP loop BUNDLEDNAME {} DSP 0 BRAM 0 URAM 0 STORAGESUBTYPE {} DISPNAME {bind_op add}} {BINDTYPE op ID {} IMPL dsp_slice LATENCY 3 OPTYPE mul PRAGMA {} RTLNAME mac_muladd_12s_16s_34s_34_4_1_U1 SOURCE C:/Users/chopram/Downloads/2023_egre429lab2/2023_egre429lab2/hls/fir.cpp:18 VARIABLE mul_ln18 LOOP loop BUNDLEDNAME {} DSP 1 BRAM 0 URAM 0 STORAGESUBTYPE {} DISPNAME {bind_op mul}} {BINDTYPE op ID {} IMPL dsp_slice LATENCY 3 OPTYPE add PRAGMA {} RTLNAME mac_muladd_12s_16s_34s_34_4_1_U1 SOURCE C:/Users/chopram/Downloads/2023_egre429lab2/2023_egre429lab2/hls/fir.cpp:18 VARIABLE acc_2 LOOP loop BUNDLEDNAME {} DSP 1 BRAM 0 URAM 0 STORAGESUBTYPE {} DISPNAME {bind_op add}} {BINDTYPE storage ID {} IMPL auto LATENCY 1 OPTYPE rom_1p PRAGMA {} RTLNAME coeff_U SOURCE {} VARIABLE coeff LOOP {} BUNDLEDNAME {} DSP 0 BRAM 1 URAM 0 STORAGESUBTYPE {} STORAGESIZE {12 129 1} STORAGEUSAGE rom_1p DISPNAME {bind_storage rom_1p}}} AREA {DSP 1 BRAM 1 URAM 0}} fir {BINDINFO {{BINDTYPE op ID {} IMPL auto LATENCY 0 OPTYPE mul PRAGMA {} RTLNAME mul_16s_7ns_22_1_1_U7 SOURCE C:/Users/chopram/Downloads/2023_egre429lab2/2023_egre429lab2/hls/fir.cpp:12 VARIABLE mul_ln12 LOOP {} BUNDLEDNAME {} DSP 1 BRAM 0 URAM 0 STORAGESUBTYPE {} DISPNAME {bind_op mul}} {BINDTYPE op ID {} IMPL dsp_slice LATENCY 3 OPTYPE mul PRAGMA {} RTLNAME mac_muladd_16s_6ns_31s_31_4_1_U8 SOURCE C:/Users/chopram/Downloads/2023_egre429lab2/2023_egre429lab2/hls/fir.cpp:21 VARIABLE mul_ln21 LOOP {} BUNDLEDNAME {} DSP 1 BRAM 0 URAM 0 STORAGESUBTYPE {} DISPNAME {bind_op mul}} {BINDTYPE op ID {} IMPL dsp_slice LATENCY 3 OPTYPE add PRAGMA {} RTLNAME mac_muladd_16s_6ns_31s_31_4_1_U8 SOURCE C:/Users/chopram/Downloads/2023_egre429lab2/2023_egre429lab2/hls/fir.cpp:21 VARIABLE acc LOOP {} BUNDLEDNAME {} DSP 1 BRAM 0 URAM 0 STORAGESUBTYPE {} DISPNAME {bind_op add}} {BINDTYPE storage ID {} IMPL auto LATENCY 1 OPTYPE ram_s2p PRAGMA {} RTLNAME shift_reg_U SOURCE {} VARIABLE shift_reg LOOP {} BUNDLEDNAME {} DSP 0 BRAM 1 URAM 0 STORAGESUBTYPE {} STORAGESIZE {16 128 1} STORAGEUSAGE ram_s2p DISPNAME {bind_storage ram_s2p}}} AREA {DSP 3 BRAM 2 URAM 0}}}}'
INFO-FLOW: DBG:PUTS:      update_csynth_reports json2rpt_hw_sw_interfaces
INFO-FLOW: Running: gen_csynth_sec_pragma
INFO-FLOW: Done: gen_csynth_sec_pragma time: 0.1 seconds per iteration
INFO-FLOW: DBG:PUTS:      update_csynth_reports wrote xml
INFO-FLOW: DBG:PUTS:      update_csynth_reports appended to csynth rpt file
INFO: [HLS 200-111] Finished Updating report files: CPU user time: 0 seconds. CPU system time: 0 seconds. Elapsed time: 9.954 seconds; current allocated memory: 253.422 MB.
INFO: [VHDL 208-304] Generating VHDL RTL for fir.
INFO: [VLOG 209-307] Generating Verilog RTL for fir.
Execute       syn_report -model fir -printsummary 
INFO: [HLS 200-790] **** Loop Constraint Status: All loop constraints were satisfied.
INFO: [HLS 200-789] **** Estimated Fmax: 148.99 MHz
Command     autosyn done; 21.231 sec.
Command   csynth_design done; 54.965 sec.
INFO: [HLS 200-111] Finished Command csynth_design CPU user time: 0 seconds. CPU system time: 1 seconds. Elapsed time: 54.965 seconds; current allocated memory: 56.078 MB.
Command ap_source done; 58.469 sec.
Execute cleanup_all 
INFO-FLOW: Workspace H:/EGRE429/lab2/solution1 opened at Tue Feb 25 13:51:34 -0500 2025
Execute     ap_set_clock -name default -period 10 -default=false 
INFO: [SYN 201-201] Setting up clock 'default' with a period of 10ns.
Execute     set_part xc7z010clg400-1 
Execute       create_platform xc7z010clg400-1 -board  
DBG:HLSDevice: Trying to load device library: C:/Xilinx/Vitis_HLS/2023.2\lib\win64.o\xv_hlsvwrap.dll
DBG:HLSDevice: first parts/arch.xml in RDI_DATADIR: C:/Xilinx/Vivado/2023.2/data/parts/arch.xml
DBG:HLSDevice: init success
INFO: [HLS 200-1611] Setting target device to 'xc7z010-clg400-1'
Command       create_platform done; 1.947 sec.
Execute       source C:/Xilinx/Vitis_HLS/2023.2/common/technology/xilinx/common/xilinx.gen 
Execute         source C:/Xilinx/Vitis_HLS/2023.2/common/technology/xilinx/interface/plb46.gen 
Execute         source C:/Xilinx/Vitis_HLS/2023.2/common/technology/xilinx/interface/axi4.gen 
Execute         source C:/Xilinx/Vitis_HLS/2023.2/common/technology/xilinx/interface/nativeAXI4.gen 
Execute           source C:/Xilinx/Vitis_HLS/2023.2/common/technology/xilinx/interface/saxilite.gen 
Execute         source C:/Xilinx/Vitis_HLS/2023.2/common/technology/xilinx/scripts/xilinxcoregen.gen 
Execute         source C:/Xilinx/Vitis_HLS/2023.2/common/technology/xilinx/interface/XilEDKCoreGen.gen 
Execute         source C:/Xilinx/Vitis_HLS/2023.2/common/technology/xilinx/ip/dds_compiler.gen 
Execute         source C:/Xilinx/Vitis_HLS/2023.2/common/technology/xilinx/ip/util.gen 
Execute         source C:/Xilinx/Vitis_HLS/2023.2/common/technology/xilinx/ip/xfft.gen 
Execute         source C:/Xilinx/Vitis_HLS/2023.2/common/technology/xilinx/ip/xfir.gen 
Execute         source C:/Xilinx/Vitis_HLS/2023.2/common/technology/xilinx/DSP48/dsp48.gen 
Command       ap_source done; 0.123 sec.
Execute       ap_part_info -name xc7z010-clg400-1 -data info 
Execute       config_compile -quiet -complex-mul-dsp=0 
Command     set_part done; 2.236 sec.
Execute     send_msg_by_id INFO @200-1505@%s%s  vivado 
INFO: [HLS 200-1505] Using flow_target 'vivado'
Execute     send_msg_by_id INFO @200-1464@%s config_export -output=H:/EGRE429/lab2/solution1/syn/vhdl 
INFO: [HLS 200-1464] Running solution command: config_export -output=H:/EGRE429/lab2/solution1/syn/vhdl
Execute     config_export -output=H:/EGRE429/lab2/solution1/syn/vhdl 
Command   open_solution done; 2.64 sec.
Execute   set_part xc7z010clg400-1 
INFO: [HLS 200-1510] Running: set_part xc7z010clg400-1 
Execute     create_platform xc7z010clg400-1 -board  
Command     create_platform done; 0.105 sec.
Execute     source C:/Xilinx/Vitis_HLS/2023.2/common/technology/xilinx/common/xilinx.gen 
Execute       source C:/Xilinx/Vitis_HLS/2023.2/common/technology/xilinx/interface/plb46.gen 
Execute       source C:/Xilinx/Vitis_HLS/2023.2/common/technology/xilinx/interface/axi4.gen 
Execute       source C:/Xilinx/Vitis_HLS/2023.2/common/technology/xilinx/interface/nativeAXI4.gen 
Execute         source C:/Xilinx/Vitis_HLS/2023.2/common/technology/xilinx/interface/saxilite.gen 
Execute       source C:/Xilinx/Vitis_HLS/2023.2/common/technology/xilinx/scripts/xilinxcoregen.gen 
Execute       source C:/Xilinx/Vitis_HLS/2023.2/common/technology/xilinx/interface/XilEDKCoreGen.gen 
Execute       source C:/Xilinx/Vitis_HLS/2023.2/common/technology/xilinx/ip/dds_compiler.gen 
Execute       source C:/Xilinx/Vitis_HLS/2023.2/common/technology/xilinx/ip/util.gen 
Execute       source C:/Xilinx/Vitis_HLS/2023.2/common/technology/xilinx/ip/xfft.gen 
Execute       source C:/Xilinx/Vitis_HLS/2023.2/common/technology/xilinx/ip/xfir.gen 
Execute       source C:/Xilinx/Vitis_HLS/2023.2/common/technology/xilinx/DSP48/dsp48.gen 
Command     ap_source done; 0.104 sec.
Execute     ap_part_info -name xc7z010-clg400-1 -data info 
Execute     config_compile -quiet -complex-mul-dsp=0 
Command   set_part done; 0.354 sec.
Execute   create_clock -period 10 -name default 
INFO: [HLS 200-1510] Running: create_clock -period 10 -name default 
Execute     ap_set_clock -name default -period 10 -default=false 
INFO: [SYN 201-201] Setting up clock 'default' with a period of 10ns.
Execute   config_export -output H:/EGRE429/lab2/solution1/syn/vhdl 
INFO: [HLS 200-1510] Running: config_export -output H:/EGRE429/lab2/solution1/syn/vhdl 
Execute   export_design -rtl verilog -format ip_catalog -output H:/EGRE429/lab2/solution1/syn/vhdl 
INFO: [HLS 200-1510] Running: export_design -rtl verilog -format ip_catalog -output H:/EGRE429/lab2/solution1/syn/vhdl 
Execute     config_export -format=ip_catalog -output=H:/EGRE429/lab2/solution1/syn/vhdl -rtl=verilog 
INFO-FLOW: DBG:PUTS: export_design_wrap: -format ip_catalog -rtl verilog
Execute     source H:/EGRE429/lab2/solution1/.autopilot/db/global.setting.tcl 
INFO-FLOW: DBG:PUTS:   auto_impl: pack: -export -rtl verilog
INFO-FLOW: DBG:PROC: ::AESL_AUTOIMPL::auto_impl args='-export -rtl verilog'
Execute     source H:/EGRE429/lab2/solution1/.autopilot/db/global.setting.tcl 
INFO: [IMPL 213-8] Exporting RTL as a Vivado IP.
INFO-FLOW: DBG:PUTS: automg_wrap -export -pcore_version 1.00.a -rtl vlog -tool Vivado -impltomg_flag
INFO-FLOW: DBG:PROC: ::AESL_AUTOMG::auto_generate args='-export -pcore_version 1.00.a -rtl vlog -tool Vivado -impltomg_flag'
INFO-FLOW: DBG:PUTS:     auto_generate -export -pcore_version 1.00.a -rtl vlog -tool Vivado -impltomg_flag
Execute     source H:/EGRE429/lab2/solution1/.autopilot/db/global.setting.tcl 
INFO-FLOW: DBG:PUTS: read_platform_lib H:/EGRE429/lab2/solution1/.autopilot/db/global.setting.tcl
Execute     source C:/Xilinx/Vitis_HLS/2023.2/common/technology/generic/autopilot/common.gen 
Execute       source C:/Xilinx/Vitis_HLS/2023.2/common/technology/generic/autopilot/APCoreGen.gen 
Execute     source C:/Xilinx/Vitis_HLS/2023.2/common/technology/generic/autopilot/op.gen 
Execute     source C:/Xilinx/Vitis_HLS/2023.2/common/technology/generic/autopilot/op_simcore.gen 
Execute     source C:/Xilinx/Vitis_HLS/2023.2/common/technology/generic/autopilot/interface.gen 
Execute     source H:/EGRE429/lab2/solution1/.autopilot/db/global.setting.tcl 
Execute     source C:/Xilinx/Vitis_HLS/2023.2/common/technology/xilinx/common/xilinx.gen 
Execute       source C:/Xilinx/Vitis_HLS/2023.2/common/technology/xilinx/interface/plb46.gen 
Execute       source C:/Xilinx/Vitis_HLS/2023.2/common/technology/xilinx/interface/axi4.gen 
Execute       source C:/Xilinx/Vitis_HLS/2023.2/common/technology/xilinx/interface/nativeAXI4.gen 
Execute         source C:/Xilinx/Vitis_HLS/2023.2/common/technology/xilinx/interface/saxilite.gen 
Execute       source C:/Xilinx/Vitis_HLS/2023.2/common/technology/xilinx/scripts/xilinxcoregen.gen 
Execute       source C:/Xilinx/Vitis_HLS/2023.2/common/technology/xilinx/interface/XilEDKCoreGen.gen 
Execute       source C:/Xilinx/Vitis_HLS/2023.2/common/technology/xilinx/ip/dds_compiler.gen 
Execute       source C:/Xilinx/Vitis_HLS/2023.2/common/technology/xilinx/ip/util.gen 
Execute       source C:/Xilinx/Vitis_HLS/2023.2/common/technology/xilinx/ip/xfft.gen 
Execute       source C:/Xilinx/Vitis_HLS/2023.2/common/technology/xilinx/ip/xfir.gen 
Execute       source C:/Xilinx/Vitis_HLS/2023.2/common/technology/xilinx/DSP48/dsp48.gen 
Command     ap_source done; 0.103 sec.
INFO-FLOW: DBG:PUTS:   using AESL_AUTOCG::g_clock_period=10.000 (was NA)
INFO-FLOW: DBG:PUTS:       initCTypeInfo top_module=fir xml_exists=0
Execute     source H:/EGRE429/lab2/solution1/.autopilot/db/fir.rtl_wrap.cfg.tcl 
Execute     source H:/EGRE429/lab2/solution1/.autopilot/db/fir.rtl_wrap.cfg.tcl 
Execute     source H:/EGRE429/lab2/solution1/.autopilot/db/fir.rtl_wrap.cfg.tcl 
Execute     source H:/EGRE429/lab2/solution1/.autopilot/db/fir.tbgen.tcl 
Execute     source H:/EGRE429/lab2/solution1/.autopilot/db/fir.tbgen.tcl 
Execute     source H:/EGRE429/lab2/solution1/.autopilot/db/global.setting.tcl 
Execute     source H:/EGRE429/lab2/solution1/.autopilot/db/fir.tbgen.tcl 
INFO-FLOW: DBG:PUTS:       cosim_export_main adding deadlock detection to fir
INFO-FLOW: DBG:PUTS: Skipping loadAnalyze_DB, #g_database=2
INFO-FLOW: DBG:PUTS:       generate_json generate_bd_files=0 generate_xo_files=false #modelList=9 #gSsdmPorts=0
INFO-FLOW: DBG:PROC: ::AP::DESIGN_DATA::generate_json generate_bd_files='0' generate_xo_files='false' modelList='fir_mac_muladd_12s_16s_34s_34_4_1
fir_fir_Pipeline_loop_coeff_ROM_AUTO_1R
fir_flow_control_loop_pipe_sequential_init
fir_mul_16s_7ns_22_1_1
fir_mac_muladd_16s_6ns_31s_31_4_1
fir_shift_reg_RAM_AUTO_1R1W
fir_fir_io_s_axi
fir_Pipeline_loop
fir
' rtl_lang='vlog' bootstrap_tcl='false' outdir='' outfilename=''
Execute     source C:/Xilinx/Vitis_HLS/2023.2/tps/tcl/tcllib1.11.1/yaml/huddle.tcl 
Execute     source C:/Xilinx/Vitis_HLS/2023.2/tps/tcl/tcllib1.11.1/yaml/json2huddle.tcl 
Execute       source C:/Xilinx/Vitis_HLS/2023.2/tps/tcl/tcllib1.11.1/try/try.tcl 
Execute     source H:/EGRE429/lab2/solution1/.autopilot/db/global.setting.tcl 
Execute     source H:/EGRE429/lab2/solution1/.autopilot/db/global.setting.tcl 
Execute     source H:/EGRE429/lab2/solution1/.autopilot/db/top-io-be.tcl 
Execute     source H:/EGRE429/lab2/solution1/.autopilot/db/fir.tbgen.tcl 
Execute     source H:/EGRE429/lab2/solution1/.autopilot/db/fir.compgen.dataonly.tcl 
Execute     source H:/EGRE429/lab2/solution1/.autopilot/db/fir.compgen.dataonly.tcl 
Execute     source H:/EGRE429/lab2/solution1/.autopilot/db/fir.rtl_wrap.cfg.tcl 
Execute     source H:/EGRE429/lab2/solution1/.autopilot/db/fir.compgen.dataonly.tcl 
Execute     source H:/EGRE429/lab2/solution1/.autopilot/db/fir_Pipeline_loop.tbgen.tcl 
Execute     source H:/EGRE429/lab2/solution1/.autopilot/db/fir.tbgen.tcl 
Execute     source H:/EGRE429/lab2/solution1/.autopilot/db/global.setting.tcl 
Execute     ap_part_info -name xc7z010-clg400-1 -data names -quiet 
Execute     ap_part_info -name xc7z010-clg400-1 -data info -quiet 
Execute     source H:/EGRE429/lab2/solution1/.autopilot/db/fir.constraint.tcl 
Execute     sc_get_clocks fir 
Execute     source H:/EGRE429/lab2/solution1/.autopilot/db/global.setting.tcl 
Execute     source H:/EGRE429/lab2/solution1/.autopilot/db/global.setting.tcl 
Execute     source H:/EGRE429/lab2/solution1/.autopilot/db/fir.tbgen.tcl 
INFO-FLOW: DBG:PUTS:       cosim_export_main adding deadlock detection to fir
INFO-FLOW: DBG:PUTS:       copy ip_driver_dir 1_0 H:/EGRE429/lab2/solution1/.autopilot/db/driver
INFO-FLOW: DBG:PUTS:       generate_ip_script #gSsdmPorts=0 g_lang=vlog is_sdaccel=false is_sdsoc=true xo_file=
Execute     ap_part_info -name xc7z010-clg400-1 -data names -quiet 
Execute     ap_part_info -name xc7z010-clg400-1 -data info -quiet 
Execute     ap_part_info -name xc7z010-clg400-1 -data names -quiet 
Execute     ap_part_info -name xc7z010-clg400-1 -data info -quiet 
Execute     source H:/EGRE429/lab2/solution1/.autopilot/db/fir.tbgen.tcl 
Execute     source H:/EGRE429/lab2/solution1/.autopilot/db/fir.compgen.dataonly.tcl 
Execute     source H:/EGRE429/lab2/solution1/.autopilot/db/fir.compgen.dataonly.tcl 
Execute     source H:/EGRE429/lab2/solution1/.autopilot/db/fir.tbgen.tcl 
Execute     source H:/EGRE429/lab2/solution1/.autopilot/db/global.setting.tcl 
INFO-FLOW: DBG:PUTS:       generate_top_info
INFO-FLOW: DBG:PUTS:       prepArgInfo -> loadAnalyze_DB top_module=fir
Execute     source H:/EGRE429/lab2/solution1/.autopilot/db/fir.rtl_wrap.cfg.tcl 
Execute     source H:/EGRE429/lab2/solution1/.autopilot/db/fir.rtl_wrap.cfg.tcl 
Execute     source H:/EGRE429/lab2/solution1/.autopilot/db/fir.rtl_wrap.cfg.tcl 
Execute     source H:/EGRE429/lab2/solution1/.autopilot/db/fir.tbgen.tcl 
Execute     source H:/EGRE429/lab2/solution1/.autopilot/db/fir.tbgen.tcl 
Execute     ap_part_info -name xc7z010-clg400-1 -data names -quiet 
Execute     ap_part_info -name xc7z010-clg400-1 -data info -quiet 
Execute     source H:/EGRE429/lab2/solution1/.autopilot/db/global.setting.tcl 
Execute     ap_part_info -name xc7z010-clg400-1 -data names -quiet 
Execute     ap_part_info -name xc7z010-clg400-1 -data info -quiet 
Execute     ap_part_info -name xc7z010-clg400-1 -data names -quiet 
Execute     ap_part_info -name xc7z010-clg400-1 -data info -quiet 
Execute     source H:/EGRE429/lab2/solution1/.autopilot/db/fir.tbgen.tcl 
Execute     source H:/EGRE429/lab2/solution1/.autopilot/db/global.setting.tcl 
Execute     source H:/EGRE429/lab2/solution1/.autopilot/db/fir.constraint.tcl 
INFO-FLOW: DBG:PUTS:       generate_syn_sh
Execute     ap_part_info -name xc7z010-clg400-1 -data names -quiet 
Execute     ap_part_info -name xc7z010-clg400-1 -data info -quiet 
Execute     source H:/EGRE429/lab2/solution1/.autopilot/db/global.setting.tcl 
INFO-FLOW: DBG:PUTS:       generate_imp_constraints
Execute     ap_part_info -name xc7z010-clg400-1 -data names -quiet 
Execute     ap_part_info -name xc7z010-clg400-1 -data info -quiet 
Execute     source H:/EGRE429/lab2/solution1/.autopilot/db/fir.constraint.tcl 
Execute     source H:/EGRE429/lab2/solution1/.autopilot/db/fir.tbgen.tcl 
INFO-FLOW: DBG:PUTS:       delete-temp-dirs (skipped for debug)
Execute     ap_part_info -name xc7z010-clg400-1 -data names -quiet 
Execute     ap_part_info -name xc7z010-clg400-1 -data info -quiet 
INFO-FLOW: DBG:PUTS: read_platform_lib H:/EGRE429/lab2/solution1/.autopilot/db/global.setting.tcl
Execute     source C:/Xilinx/Vitis_HLS/2023.2/common/technology/generic/autopilot/common.gen 
Execute       source C:/Xilinx/Vitis_HLS/2023.2/common/technology/generic/autopilot/APCoreGen.gen 
Execute     source C:/Xilinx/Vitis_HLS/2023.2/common/technology/generic/autopilot/op.gen 
Execute     source C:/Xilinx/Vitis_HLS/2023.2/common/technology/generic/autopilot/op_simcore.gen 
Execute     source C:/Xilinx/Vitis_HLS/2023.2/common/technology/generic/autopilot/interface.gen 
Execute     source H:/EGRE429/lab2/solution1/.autopilot/db/global.setting.tcl 
Execute     source C:/Xilinx/Vitis_HLS/2023.2/common/technology/xilinx/common/xilinx.gen 
Execute       source C:/Xilinx/Vitis_HLS/2023.2/common/technology/xilinx/interface/plb46.gen 
Execute       source C:/Xilinx/Vitis_HLS/2023.2/common/technology/xilinx/interface/axi4.gen 
Execute       source C:/Xilinx/Vitis_HLS/2023.2/common/technology/xilinx/interface/nativeAXI4.gen 
Execute         source C:/Xilinx/Vitis_HLS/2023.2/common/technology/xilinx/interface/saxilite.gen 
Execute       source C:/Xilinx/Vitis_HLS/2023.2/common/technology/xilinx/scripts/xilinxcoregen.gen 
Execute       source C:/Xilinx/Vitis_HLS/2023.2/common/technology/xilinx/interface/XilEDKCoreGen.gen 
Execute       source C:/Xilinx/Vitis_HLS/2023.2/common/technology/xilinx/ip/dds_compiler.gen 
Execute       source C:/Xilinx/Vitis_HLS/2023.2/common/technology/xilinx/ip/util.gen 
Execute       source C:/Xilinx/Vitis_HLS/2023.2/common/technology/xilinx/ip/xfft.gen 
Execute       source C:/Xilinx/Vitis_HLS/2023.2/common/technology/xilinx/ip/xfir.gen 
Execute       source C:/Xilinx/Vitis_HLS/2023.2/common/technology/xilinx/DSP48/dsp48.gen 
Command     ap_source done; 0.115 sec.
INFO-FLOW: DBG:PUTS:     IP package: exec H:/EGRE429/lab2/solution1/impl/ip/pack.bat
INFO-FLOW: DBG:PUTS:     IP package: success H:/EGRE429/lab2/solution1/impl/ip/pack.bat
Execute     send_msg_by_id INFO @200-802@%s lab2/solution1/syn/vhdl/export.zip 
INFO: [HLS 200-802] Generated output file lab2/solution1/syn/vhdl/export.zip
Command   export_design done; 27.633 sec.
INFO: [HLS 200-111] Finished Command export_design CPU user time: 1 seconds. CPU system time: 0 seconds. Elapsed time: 27.633 seconds; current allocated memory: 6.730 MB.
Command ap_source done; 30.922 sec.
Execute cleanup_all 
