

================================================================
== Vitis HLS Report for 'fir'
================================================================
* Date:           Tue Feb 25 13:49:19 2025

* Version:        2023.2 (Build 4023990 on Oct 11 2023)
* Project:        lab2
* Solution:       solution1 (Vivado IP Flow Target)
* Product family: zynq
* Target device:  xc7z010-clg400-1


================================================================
== Performance Estimates
================================================================
+ Timing: 
    * Summary: 
    +--------+----------+----------+------------+
    |  Clock |  Target  | Estimated| Uncertainty|
    +--------+----------+----------+------------+
    |ap_clk  |  10.00 ns|  6.712 ns|     2.70 ns|
    +--------+----------+----------+------------+

+ Latency: 
    * Summary: 
    +---------+---------+----------+----------+-----+-----+---------+
    |  Latency (cycles) |  Latency (absolute) |  Interval | Pipeline|
    |   min   |   max   |    min   |    max   | min | max |   Type  |
    +---------+---------+----------+----------+-----+-----+---------+
    |      138|      138|  1.380 us|  1.380 us|  139|  139|       no|
    +---------+---------+----------+----------+-----+-----+---------+

    + Detail: 
        * Instance: 
        N/A

        * Loop: 
        N/A

============================================================
+ Verbose Summary: Synthesis Manager
============================================================
InlineROM: 1
ExposeGlobal: 0
============================================================
+ Verbose Summary: CDFG Model
============================================================
IsTopModel: 1
ResetActiveHigh: 1
IsCombinational: 0
IsDatapathOnly: 0
HasWiredReturn: 1
HasMFsm: 0
HasVarLatency: 1
IsPipeline: 0
IsRtlPipelined: 0
IsInstanceOverlapped: 0
IsDontTouch: 0
HasImplIP: 0
IsGatedGlobalClock: 0


============================================================
+ Verbose Summary: Schedule
============================================================
* Number of FSM states : 7
* Pipeline : 0
* Dataflow Pipeline: 0

* FSM state transitions: 
1 --> 2 
2 --> 3 
3 --> 4 
4 --> 5 
5 --> 6 
6 --> 7 
7 --> 

* FSM state operations: 

State 1 <SV = 0> <Delay = 3.25>
ST_1 : Operation 8 [1/1] (0.00ns)   --->   "%acc_2_loc = alloca i64 1"   --->   Operation 8 'alloca' 'acc_2_loc' <Predicate = true> <Delay = 0.00>
ST_1 : Operation 9 [2/2] (3.25ns)   --->   "%shift_reg_load = load i16 127" [C:/Users/chopram/Downloads/2023_egre429lab2/2023_egre429lab2/hls/fir.cpp:15]   --->   Operation 9 'load' 'shift_reg_load' <Predicate = true> <Delay = 3.25> <CoreInst = "RAM">   --->   Core 82 'RAM' <Latency = 1> <II = 1> <Delay = 3.25> <Storage> <Opcode : 'load' 'store'> <Ports = 2> <Width = 16> <Depth = 128> <RAM>

State 2 <SV = 1> <Delay = 3.25>
ST_2 : Operation 10 [1/2] (3.25ns)   --->   "%shift_reg_load = load i16 127" [C:/Users/chopram/Downloads/2023_egre429lab2/2023_egre429lab2/hls/fir.cpp:15]   --->   Operation 10 'load' 'shift_reg_load' <Predicate = true> <Delay = 3.25> <CoreInst = "RAM">   --->   Core 82 'RAM' <Latency = 1> <II = 1> <Delay = 3.25> <Storage> <Opcode : 'load' 'store'> <Ports = 2> <Width = 16> <Depth = 128> <RAM>

State 3 <SV = 2> <Delay = 5.58>
ST_3 : Operation 11 [1/1] (0.00ns)   --->   "%sext_ln12 = sext i16 %shift_reg_load" [C:/Users/chopram/Downloads/2023_egre429lab2/2023_egre429lab2/hls/fir.cpp:12]   --->   Operation 11 'sext' 'sext_ln12' <Predicate = true> <Delay = 0.00>
ST_3 : Operation 12 [1/1] (5.58ns)   --->   "%mul_ln12 = mul i22 %sext_ln12, i22 51" [C:/Users/chopram/Downloads/2023_egre429lab2/2023_egre429lab2/hls/fir.cpp:12]   --->   Operation 12 'mul' 'mul_ln12' <Predicate = true> <Delay = 5.58> <CoreInst = "Multiplier">   --->   Core 3 'Multiplier' <Latency = 0> <II = 1> <Delay = 5.58> <FuncUnit> <Opcode : 'mul'> <InPorts = 2> <OutPorts = 1>

State 4 <SV = 3> <Delay = 2.05>
ST_4 : Operation 13 [1/1] (1.00ns)   --->   "%data_in_read = read i16 @_ssdm_op_Read.s_axilite.i16, i16 %data_in"   --->   Operation 13 'read' 'data_in_read' <Predicate = true> <Delay = 1.00> <CoreInst = "s_axilite">   --->   Core 114 's_axilite' <Latency = 0> <II = 1> <Delay = 1.00> <Adapter> <Opcode : 'read' 'write'>
ST_4 : Operation 14 [2/2] (1.58ns)   --->   "%call_ln12 = call void @fir_Pipeline_loop, i22 %mul_ln12, i31 %acc_2_loc, i16 %shift_reg, i12 %coeff" [C:/Users/chopram/Downloads/2023_egre429lab2/2023_egre429lab2/hls/fir.cpp:12]   --->   Operation 14 'call' 'call_ln12' <Predicate = true> <Delay = 1.58> <CoreType = "Generic">   --->   Core 0 '' <Latency = 0> <II = 1> <Delay = 1.00> <Generic> <Opcode : >
ST_4 : Operation 15 [1/1] (0.00ns)   --->   "%sext_ln21 = sext i16 %data_in_read" [C:/Users/chopram/Downloads/2023_egre429lab2/2023_egre429lab2/hls/fir.cpp:21]   --->   Operation 15 'sext' 'sext_ln21' <Predicate = true> <Delay = 0.00>
ST_4 : Operation 16 [3/3] (1.05ns) (grouped into DSP with root node acc)   --->   "%mul_ln21 = mul i23 %sext_ln21, i23 51" [C:/Users/chopram/Downloads/2023_egre429lab2/2023_egre429lab2/hls/fir.cpp:21]   --->   Operation 16 'mul' 'mul_ln21' <Predicate = true> <Delay = 1.05> <CoreInst = "DSP48">   --->   Core 119 'DSP48' <Latency = 3> <II = 1> <Delay = 2.15> <IPBlock> <Opcode : '' 'add' 'sub' 'mul' 'select'> <InPorts = 0> <OutPorts = 1> <Sync> <CReg>

State 5 <SV = 4> <Delay = 1.05>
ST_5 : Operation 17 [1/2] (0.00ns)   --->   "%call_ln12 = call void @fir_Pipeline_loop, i22 %mul_ln12, i31 %acc_2_loc, i16 %shift_reg, i12 %coeff" [C:/Users/chopram/Downloads/2023_egre429lab2/2023_egre429lab2/hls/fir.cpp:12]   --->   Operation 17 'call' 'call_ln12' <Predicate = true> <Delay = 0.00> <CoreType = "Generic">   --->   Core 0 '' <Latency = 0> <II = 1> <Delay = 1.00> <Generic> <Opcode : >
ST_5 : Operation 18 [2/3] (1.05ns) (grouped into DSP with root node acc)   --->   "%mul_ln21 = mul i23 %sext_ln21, i23 51" [C:/Users/chopram/Downloads/2023_egre429lab2/2023_egre429lab2/hls/fir.cpp:21]   --->   Operation 18 'mul' 'mul_ln21' <Predicate = true> <Delay = 1.05> <CoreInst = "DSP48">   --->   Core 119 'DSP48' <Latency = 3> <II = 1> <Delay = 2.15> <IPBlock> <Opcode : '' 'add' 'sub' 'mul' 'select'> <InPorts = 0> <OutPorts = 1> <Sync> <CReg>

State 6 <SV = 5> <Delay = 3.25>
ST_6 : Operation 19 [1/1] (0.00ns)   --->   "%acc_2_loc_load = load i31 %acc_2_loc" [C:/Users/chopram/Downloads/2023_egre429lab2/2023_egre429lab2/hls/fir.cpp:16]   --->   Operation 19 'load' 'acc_2_loc_load' <Predicate = true> <Delay = 0.00>
ST_6 : Operation 20 [1/3] (0.00ns) (grouped into DSP with root node acc)   --->   "%mul_ln21 = mul i23 %sext_ln21, i23 51" [C:/Users/chopram/Downloads/2023_egre429lab2/2023_egre429lab2/hls/fir.cpp:21]   --->   Operation 20 'mul' 'mul_ln21' <Predicate = true> <Delay = 0.00> <CoreInst = "DSP48">   --->   Core 119 'DSP48' <Latency = 3> <II = 1> <Delay = 2.15> <IPBlock> <Opcode : '' 'add' 'sub' 'mul' 'select'> <InPorts = 0> <OutPorts = 1> <Sync> <CReg>
ST_6 : Operation 21 [1/1] (0.00ns) (grouped into DSP with root node acc)   --->   "%sext_ln21_1 = sext i23 %mul_ln21" [C:/Users/chopram/Downloads/2023_egre429lab2/2023_egre429lab2/hls/fir.cpp:21]   --->   Operation 21 'sext' 'sext_ln21_1' <Predicate = true> <Delay = 0.00>
ST_6 : Operation 22 [2/2] (2.10ns) (root node of the DSP)   --->   "%acc = add i31 %acc_2_loc_load, i31 %sext_ln21_1" [C:/Users/chopram/Downloads/2023_egre429lab2/2023_egre429lab2/hls/fir.cpp:21]   --->   Operation 22 'add' 'acc' <Predicate = true> <Delay = 2.10> <CoreInst = "DSP48">   --->   Core 119 'DSP48' <Latency = 3> <II = 1> <Delay = 2.15> <IPBlock> <Opcode : '' 'add' 'sub' 'mul' 'select'> <InPorts = 0> <OutPorts = 1> <Sync> <CReg>
ST_6 : Operation 23 [1/1] (3.25ns)   --->   "%store_ln22 = store i16 %data_in_read, i16 0" [C:/Users/chopram/Downloads/2023_egre429lab2/2023_egre429lab2/hls/fir.cpp:22]   --->   Operation 23 'store' 'store_ln22' <Predicate = true> <Delay = 3.25> <CoreInst = "RAM">   --->   Core 82 'RAM' <Latency = 1> <II = 1> <Delay = 3.25> <Storage> <Opcode : 'load' 'store'> <Ports = 2> <Width = 16> <Depth = 128> <RAM>

State 7 <SV = 6> <Delay = 3.10>
ST_7 : Operation 24 [1/1] (0.00ns)   --->   "%spectopmodule_ln3 = spectopmodule void @_ssdm_op_SpecTopModule, void @empty_5" [C:/Users/chopram/Downloads/2023_egre429lab2/2023_egre429lab2/hls/fir.cpp:3]   --->   Operation 24 'spectopmodule' 'spectopmodule_ln3' <Predicate = true> <Delay = 0.00>
ST_7 : Operation 25 [1/1] (0.00ns)   --->   "%specbitsmap_ln0 = specbitsmap void @_ssdm_op_SpecBitsMap, i16 %data_out"   --->   Operation 25 'specbitsmap' 'specbitsmap_ln0' <Predicate = true> <Delay = 0.00>
ST_7 : Operation 26 [1/1] (0.00ns)   --->   "%specinterface_ln0 = specinterface void @_ssdm_op_SpecInterface, i16 %data_out, void @empty, i32 0, i32 0, void @empty_0, i32 0, i32 0, void @empty_1, void @empty_2, void @empty_0, i32 0, i32 0, i32 0, i32 0, void @empty_0, void @empty_0, i32 4294967295, i32 0"   --->   Operation 26 'specinterface' 'specinterface_ln0' <Predicate = true> <Delay = 0.00>
ST_7 : Operation 27 [1/1] (0.00ns)   --->   "%specinterface_ln0 = specinterface void @_ssdm_op_SpecInterface, i16 %data_out, void @empty_3, i32 0, i32 0, void @empty_0, i32 0, i32 0, void @empty_0, void @empty_0, void @empty_0, i32 0, i32 0, i32 0, i32 0, void @empty_0, void @empty_0, i32 4294967295, i32 0"   --->   Operation 27 'specinterface' 'specinterface_ln0' <Predicate = true> <Delay = 0.00>
ST_7 : Operation 28 [1/1] (0.00ns)   --->   "%specbitsmap_ln0 = specbitsmap void @_ssdm_op_SpecBitsMap, i16 %data_in"   --->   Operation 28 'specbitsmap' 'specbitsmap_ln0' <Predicate = true> <Delay = 0.00>
ST_7 : Operation 29 [1/1] (0.00ns)   --->   "%specinterface_ln0 = specinterface void @_ssdm_op_SpecInterface, i16 %data_in, void @empty, i32 0, i32 0, void @empty_0, i32 0, i32 0, void @empty_1, void @empty_4, void @empty_0, i32 0, i32 0, i32 0, i32 0, void @empty_0, void @empty_0, i32 4294967295, i32 0"   --->   Operation 29 'specinterface' 'specinterface_ln0' <Predicate = true> <Delay = 0.00>
ST_7 : Operation 30 [1/1] (0.00ns)   --->   "%specinterface_ln0 = specinterface void @_ssdm_op_SpecInterface, i16 %data_in, void @empty_3, i32 0, i32 0, void @empty_0, i32 0, i32 0, void @empty_0, void @empty_0, void @empty_0, i32 0, i32 0, i32 0, i32 0, void @empty_0, void @empty_0, i32 4294967295, i32 0"   --->   Operation 30 'specinterface' 'specinterface_ln0' <Predicate = true> <Delay = 0.00>
ST_7 : Operation 31 [1/1] (0.00ns)   --->   "%specinterface_ln0 = specinterface void @_ssdm_op_SpecInterface, i32 0, void @empty, i32 0, i32 0, void @empty_0, i32 0, i32 0, void @empty_1, void @empty_0, void @empty_0, i32 0, i32 0, i32 0, i32 0, void @empty_0, void @empty_0, i32 4294967295, i32 0"   --->   Operation 31 'specinterface' 'specinterface_ln0' <Predicate = true> <Delay = 0.00>
ST_7 : Operation 32 [1/2] (2.10ns) (root node of the DSP)   --->   "%acc = add i31 %acc_2_loc_load, i31 %sext_ln21_1" [C:/Users/chopram/Downloads/2023_egre429lab2/2023_egre429lab2/hls/fir.cpp:21]   --->   Operation 32 'add' 'acc' <Predicate = true> <Delay = 2.10> <CoreInst = "DSP48">   --->   Core 119 'DSP48' <Latency = 3> <II = 1> <Delay = 2.15> <IPBlock> <Opcode : '' 'add' 'sub' 'mul' 'select'> <InPorts = 0> <OutPorts = 1> <Sync> <CReg>
ST_7 : Operation 33 [1/1] (0.00ns)   --->   "%trunc_ln1 = partselect i16 @_ssdm_op_PartSelect.i16.i31.i32.i32, i31 %acc, i32 15, i32 30" [C:/Users/chopram/Downloads/2023_egre429lab2/2023_egre429lab2/hls/fir.cpp:23]   --->   Operation 33 'partselect' 'trunc_ln1' <Predicate = true> <Delay = 0.00>
ST_7 : Operation 34 [1/1] (1.00ns)   --->   "%write_ln23 = write void @_ssdm_op_Write.s_axilite.i16P0A, i16 %data_out, i16 %trunc_ln1" [C:/Users/chopram/Downloads/2023_egre429lab2/2023_egre429lab2/hls/fir.cpp:23]   --->   Operation 34 'write' 'write_ln23' <Predicate = true> <Delay = 1.00> <CoreInst = "s_axilite">   --->   Core 114 's_axilite' <Latency = 0> <II = 1> <Delay = 1.00> <Adapter> <Opcode : 'read' 'write'>
ST_7 : Operation 35 [1/1] (0.00ns)   --->   "%ret_ln24 = ret" [C:/Users/chopram/Downloads/2023_egre429lab2/2023_egre429lab2/hls/fir.cpp:24]   --->   Operation 35 'ret' 'ret_ln24' <Predicate = true> <Delay = 0.00>


============================================================
+ Verbose Summary: Timing violations
============================================================
Target clock period: 10.000ns, clock uncertainty: 2.700ns.

 <State 1>: 3.254ns
The critical path consists of the following:
	'load' operation 16 bit ('shift_reg_load', C:/Users/chopram/Downloads/2023_egre429lab2/2023_egre429lab2/hls/fir.cpp:15) on array 'shift_reg' [15]  (3.254 ns)

 <State 2>: 3.254ns
The critical path consists of the following:
	'load' operation 16 bit ('shift_reg_load', C:/Users/chopram/Downloads/2023_egre429lab2/2023_egre429lab2/hls/fir.cpp:15) on array 'shift_reg' [15]  (3.254 ns)

 <State 3>: 5.580ns
The critical path consists of the following:
	'mul' operation 22 bit ('mul_ln12', C:/Users/chopram/Downloads/2023_egre429lab2/2023_egre429lab2/hls/fir.cpp:12) [17]  (5.580 ns)

 <State 4>: 2.050ns
The critical path consists of the following:
	s_axi read operation ('data_in') on port 'data_in' [5]  (1.000 ns)
	'mul' operation 23 bit of DSP[23] ('mul_ln21', C:/Users/chopram/Downloads/2023_egre429lab2/2023_egre429lab2/hls/fir.cpp:21) [21]  (1.050 ns)

 <State 5>: 1.050ns
The critical path consists of the following:
	'mul' operation 23 bit of DSP[23] ('mul_ln21', C:/Users/chopram/Downloads/2023_egre429lab2/2023_egre429lab2/hls/fir.cpp:21) [21]  (1.050 ns)

 <State 6>: 3.254ns
The critical path consists of the following:
	'store' operation 0 bit ('store_ln22', C:/Users/chopram/Downloads/2023_egre429lab2/2023_egre429lab2/hls/fir.cpp:22) of variable 'data_in' on array 'shift_reg' [24]  (3.254 ns)

 <State 7>: 3.100ns
The critical path consists of the following:
	'add' operation 31 bit of DSP[23] ('acc', C:/Users/chopram/Downloads/2023_egre429lab2/2023_egre429lab2/hls/fir.cpp:21) [23]  (2.100 ns)
	s_axi write operation ('write_ln23', C:/Users/chopram/Downloads/2023_egre429lab2/2023_egre429lab2/hls/fir.cpp:23) on port 'data_out' (C:/Users/chopram/Downloads/2023_egre429lab2/2023_egre429lab2/hls/fir.cpp:23) [26]  (1.000 ns)


============================================================
+ Verbose Summary: Binding
============================================================
N/A
* FSMD analyzer results:
  - Output states:
 - Input state : 
  - Chain level:
	State 1
	State 2
	State 3
	State 4
	State 5
	State 6
	State 7


============================================================
+ Verbose Summary: Datapath Resource usage 
============================================================
N/A
