================================================================
== Design Size Report
================================================================

* Total Instructions per Compilation Phase
+---------------+-----------------------------+--------------+----------------------------------------------------------------------------------------+
| Phase         | Step                        | Instructions | Description                                                                            |
+---------------+-----------------------------+--------------+----------------------------------------------------------------------------------------+
| Compile/Link  |                             | 117          | After all functions are compiled and linked into a single design                       |
|               |                             |              |                                                                                        |
| Unroll/Inline |                             |              | After user unroll and inline pragmas are applied                                       |
|               | (1) unroll                  |  29          | user unroll pragmas are applied                                                        |
|               | (2) simplification          |  23          | simplification of applied user unroll pragmas                                          |
|               | (3) inline                  |  23          | user inline pragmas are applied                                                        |
|               | (4) simplification          |  23          | simplification of applied user inline pragmas                                          |
|               |                             |              |                                                                                        |
| Array/Struct  |                             |              | After user array partition and struct aggregate/disaggregate pragmas are applied       |
|               | (1) array partition         | 143          | user array partition pragmas are applied                                               |
|               | (2) simplification          |  32          | simplification of applied user array partition & struct aggregate/disaggregate pragmas |
|               | (3) aggregate/disaggregate  |  32          | user struct aggregate/disaggregate pragmas are applied                                 |
|               | (4) array reshape           |  32          | apply array reshape pragmas                                                            |
|               | (5) access patterns         |  34          | array access pattern optmizations                                                      |
|               |                             |              |                                                                                        |
| Performance   |                             |              | After transformations are applied to meet performance pragma targets                   |
|               | (1) loop simplification     |  33          | loop and instruction simplification                                                    |
|               | (2) parallelization         |  33          | loops are unrolled or pipelined to meet performance targets                            |
|               | (3) array partition         |  33          | arrays are partitioned to meet performance targets                                     |
|               | (4) simplification          |  33          | simplification of design after performance transformations                             |
|               |                             |              |                                                                                        |
| HW Transforms |                             |              | After hardware transfomations                                                          |
|               | (1) lowering                |  36          | initial conversion to HW specific instructions                                         |
|               | (2) optimizations           |  41          | high level synthesis optimizations                                                     |
+---------------+-----------------------------+--------------+----------------------------------------------------------------------------------------+

* Instructions per Function for each Compilation Phase
+----------+--------------+--------------+---------------+--------------+-------------+---------------+
| Function | Location     | Compile/Link | Unroll/Inline | Array/Struct | Performance | HW Transforms |
+----------+--------------+--------------+---------------+--------------+-------------+---------------+
|   mmult  | mmult.cpp:20 | 117          | 23            | 34           | 33          | 41            |
+----------+--------------+--------------+---------------+--------------+-------------+---------------+

* Design Size Message Settings
+---------------------------------------------+--------+------------------------------------------------------------------+
| Message Setting                             | Value  | Description                                                      |
+---------------------------------------------+--------+------------------------------------------------------------------+
| config_compile -design_size_maximum_warning | 100000 | Show a warning when total design instructions exceeds this value |
+---------------------------------------------+--------+------------------------------------------------------------------+


